--------------------------------------------------------------------------------
[Dec 13, 2025 11:59:38.5 PM GMT:ERROR:creative_new_tab_page_ads_util.cc(159)] Successfully saved creative new tab page ads
[Dec 13, 2025 11:59:38.5 PM GMT:ERROR:creative_new_tab_page_ads_util.cc(144)] Successfully saved creative set conversions
--------------------------------------------------------------------------------
[Dec 14, 2025 12:19:27.5 AM GMT:ERROR:creative_new_tab_page_ads_util.cc(159)] Successfully saved creative new tab page ads
[Dec 14, 2025 12:19:27.5 AM GMT:ERROR:creative_new_tab_page_ads_util.cc(144)] Successfully saved creative set conversions
--------------------------------------------------------------------------------
[Dec 14, 2025 12:22:57.7 AM GMT:ERROR:creative_new_tab_page_ads_util.cc(159)] Successfully saved creative new tab page ads
[Dec 14, 2025 12:22:57.7 AM GMT:ERROR:creative_new_tab_page_ads_util.cc(144)] Successfully saved creative set conversions
--------------------------------------------------------------------------------
[Dec 14, 2025 1:09:20.3 AM GMT:ERROR:creative_new_tab_page_ads_util.cc(159)] Successfully saved creative new tab page ads
[Dec 14, 2025 1:09:20.3 AM GMT:ERROR:creative_new_tab_page_ads_util.cc(144)] Successfully saved creative set conversions
--------------------------------------------------------------------------------
[Dec 14, 2025 1:32:16.3 AM GMT:ERROR:creative_new_tab_page_ads_util.cc(159)] Successfully saved creative new tab page ads
[Dec 14, 2025 1:32:16.3 AM GMT:ERROR:creative_new_tab_page_ads_util.cc(144)] Successfully saved creative set conversions
--------------------------------------------------------------------------------
[Dec 14, 2025 1:34:25.5 AM GMT:ERROR:creative_new_tab_page_ads_util.cc(159)] Successfully saved creative new tab page ads
[Dec 14, 2025 1:34:25.5 AM GMT:ERROR:creative_new_tab_page_ads_util.cc(144)] Successfully saved creative set conversions
--------------------------------------------------------------------------------
[Dec 14, 2025 1:36:54.3 AM GMT:ERROR:creative_new_tab_page_ads_util.cc(159)] Successfully saved creative new tab page ads
[Dec 14, 2025 1:36:54.3 AM GMT:ERROR:creative_new_tab_page_ads_util.cc(144)] Successfully saved creative set conversions
--------------------------------------------------------------------------------
[Dec 14, 2025 1:43:05.3 AM GMT:ERROR:creative_new_tab_page_ads_util.cc(159)] Successfully saved creative new tab page ads
[Dec 14, 2025 1:43:05.3 AM GMT:ERROR:creative_new_tab_page_ads_util.cc(144)] Successfully saved creative set conversions
--------------------------------------------------------------------------------
[Dec 14, 2025 2:04:52.8 AM GMT:ERROR:creative_new_tab_page_ads_util.cc(159)] Successfully saved creative new tab page ads
[Dec 14, 2025 2:04:52.8 AM GMT:ERROR:creative_new_tab_page_ads_util.cc(144)] Successfully saved creative set conversions
--------------------------------------------------------------------------------
[Dec 14, 2025 8:07:09.2 AM GMT:ERROR:creative_new_tab_page_ads_util.cc(159)] Successfully saved creative new tab page ads
[Dec 14, 2025 8:07:09.2 AM GMT:ERROR:creative_new_tab_page_ads_util.cc(144)] Successfully saved creative set conversions
[Dec 14, 2025 8:07:22.8 AM GMT:ERROR:creative_new_tab_page_ads_util.cc(159)] Successfully saved creative new tab page ads
[Dec 14, 2025 8:07:22.8 AM GMT:ERROR:creative_new_tab_page_ads_util.cc(144)] Successfully saved creative set conversions
--------------------------------------------------------------------------------
[Dec 14, 2025 9:36:31.2 AM GMT:ERROR:creative_new_tab_page_ads_util.cc(159)] Successfully saved creative new tab page ads
[Dec 14, 2025 9:36:31.2 AM GMT:ERROR:creative_new_tab_page_ads_util.cc(144)] Successfully saved creative set conversions
--------------------------------------------------------------------------------
[Dec 14, 2025 9:40:59.7 AM GMT:ERROR:creative_new_tab_page_ads_util.cc(159)] Successfully saved creative new tab page ads
[Dec 14, 2025 9:40:59.7 AM GMT:ERROR:creative_new_tab_page_ads_util.cc(144)] Successfully saved creative set conversions
--------------------------------------------------------------------------------
[Dec 15, 2025 9:28:19.8 AM GMT:ERROR:creative_new_tab_page_ads_util.cc(159)] Successfully saved creative new tab page ads
[Dec 15, 2025 9:28:19.8 AM GMT:ERROR:creative_new_tab_page_ads_util.cc(144)] Successfully saved creative set conversions
[Dec 15, 2025 9:43:29.5 AM GMT:ERROR:creative_new_tab_page_ads_util.cc(159)] Successfully saved creative new tab page ads
[Dec 15, 2025 9:43:29.5 AM GMT:ERROR:creative_new_tab_page_ads_util.cc(144)] Successfully saved creative set conversions
--------------------------------------------------------------------------------
[Dec 15, 2025 11:43:49.5 AM GMT:ERROR:creative_new_tab_page_ads_util.cc(159)] Successfully saved creative new tab page ads
[Dec 15, 2025 11:43:49.5 AM GMT:ERROR:creative_new_tab_page_ads_util.cc(144)] Successfully saved creative set conversions
--------------------------------------------------------------------------------
[Dec 15, 2025 1:27:47.2 PM GMT:ERROR:creative_new_tab_page_ads_util.cc(159)] Successfully saved creative new tab page ads
[Dec 15, 2025 1:27:47.2 PM GMT:ERROR:creative_new_tab_page_ads_util.cc(144)] Successfully saved creative set conversions
--------------------------------------------------------------------------------
[Dec 15, 2025 1:34:10.4 PM GMT:ERROR:creative_new_tab_page_ads_util.cc(159)] Successfully saved creative new tab page ads
[Dec 15, 2025 1:34:10.4 PM GMT:ERROR:creative_new_tab_page_ads_util.cc(144)] Successfully saved creative set conversions
[Dec 15, 2025 6:19:12.2 PM GMT:ERROR:creative_new_tab_page_ads_util.cc(159)] Successfully saved creative new tab page ads
[Dec 15, 2025 6:19:12.2 PM GMT:ERROR:creative_new_tab_page_ads_util.cc(144)] Successfully saved creative set conversions
--------------------------------------------------------------------------------
[Dec 16, 2025 7:27:08.4 AM GMT:ERROR:creative_new_tab_page_ads_util.cc(159)] Successfully saved creative new tab page ads
[Dec 16, 2025 7:27:08.4 AM GMT:ERROR:creative_new_tab_page_ads_util.cc(144)] Successfully saved creative set conversions
[Dec 16, 2025 7:27:19.3 AM GMT:ERROR:creative_new_tab_page_ads_util.cc(159)] Successfully saved creative new tab page ads
[Dec 16, 2025 7:27:19.3 AM GMT:ERROR:creative_new_tab_page_ads_util.cc(144)] Successfully saved creative set conversions
--------------------------------------------------------------------------------
[Dec 16, 2025 6:56:09.9 PM GMT:ERROR:creative_new_tab_page_ads_util.cc(159)] Successfully saved creative new tab page ads
[Dec 16, 2025 6:56:09.9 PM GMT:ERROR:creative_new_tab_page_ads_util.cc(144)] Successfully saved creative set conversions
--------------------------------------------------------------------------------
[Dec 17, 2025 9:35:14.4 AM GMT:ERROR:creative_new_tab_page_ads_util.cc(159)] Successfully saved creative new tab page ads
[Dec 17, 2025 9:35:14.4 AM GMT:ERROR:creative_new_tab_page_ads_util.cc(144)] Successfully saved creative set conversions
[Dec 17, 2025 9:35:37.2 AM GMT:ERROR:creative_new_tab_page_ads_util.cc(159)] Successfully saved creative new tab page ads
[Dec 17, 2025 9:35:37.2 AM GMT:ERROR:creative_new_tab_page_ads_util.cc(144)] Successfully saved creative set conversions
--------------------------------------------------------------------------------
[Dec 17, 2025 10:09:51.1 AM GMT:ERROR:creative_new_tab_page_ads_util.cc(159)] Successfully saved creative new tab page ads
[Dec 17, 2025 10:09:51.1 AM GMT:ERROR:creative_new_tab_page_ads_util.cc(144)] Successfully saved creative set conversions
--------------------------------------------------------------------------------
[Dec 17, 2025 7:13:49.1 PM GMT:ERROR:creative_new_tab_page_ads_util.cc(159)] Successfully saved creative new tab page ads
[Dec 17, 2025 7:13:49.1 PM GMT:ERROR:creative_new_tab_page_ads_util.cc(144)] Successfully saved creative set conversions
--------------------------------------------------------------------------------
[Dec 17, 2025 7:44:11.9 PM GMT:ERROR:creative_new_tab_page_ads_util.cc(159)] Successfully saved creative new tab page ads
[Dec 17, 2025 7:44:12.0 PM GMT:ERROR:creative_new_tab_page_ads_util.cc(144)] Successfully saved creative set conversions
--------------------------------------------------------------------------------
[Dec 18, 2025 3:25:11.9 AM GMT:ERROR:creative_new_tab_page_ads_util.cc(159)] Successfully saved creative new tab page ads
[Dec 18, 2025 3:25:11.9 AM GMT:ERROR:creative_new_tab_page_ads_util.cc(144)] Successfully saved creative set conversions
--------------------------------------------------------------------------------
[Dec 18, 2025 3:27:49.0 AM GMT:ERROR:creative_new_tab_page_ads_util.cc(159)] Successfully saved creative new tab page ads
[Dec 18, 2025 3:27:49.0 AM GMT:ERROR:creative_new_tab_page_ads_util.cc(144)] Successfully saved creative set conversions
[Dec 18, 2025 4:27:50.3 AM GMT:ERROR:creative_new_tab_page_ads_util.cc(159)] Successfully saved creative new tab page ads
[Dec 18, 2025 4:27:50.3 AM GMT:ERROR:creative_new_tab_page_ads_util.cc(144)] Successfully saved creative set conversions
--------------------------------------------------------------------------------
[Dec 18, 2025 3:22:18.4 PM GMT:ERROR:creative_new_tab_page_ads_util.cc(159)] Successfully saved creative new tab page ads
[Dec 18, 2025 3:22:18.4 PM GMT:ERROR:creative_new_tab_page_ads_util.cc(144)] Successfully saved creative set conversions
--------------------------------------------------------------------------------
[Dec 19, 2025 9:09:48.5 AM GMT:ERROR:creative_new_tab_page_ads_util.cc(159)] Successfully saved creative new tab page ads
[Dec 19, 2025 9:09:48.5 AM GMT:ERROR:creative_new_tab_page_ads_util.cc(144)] Successfully saved creative set conversions
[Dec 19, 2025 9:24:51.4 AM GMT:ERROR:creative_new_tab_page_ads_util.cc(159)] Successfully saved creative new tab page ads
[Dec 19, 2025 9:24:51.4 AM GMT:ERROR:creative_new_tab_page_ads_util.cc(144)] Successfully saved creative set conversions
--------------------------------------------------------------------------------
[Dec 19, 2025 10:42:41.1 AM GMT:ERROR:creative_new_tab_page_ads_util.cc(159)] Successfully saved creative new tab page ads
[Dec 19, 2025 10:42:41.1 AM GMT:ERROR:creative_new_tab_page_ads_util.cc(144)] Successfully saved creative set conversions
--------------------------------------------------------------------------------
[Dec 19, 2025 1:03:10.4 PM GMT:ERROR:creative_new_tab_page_ads_util.cc(159)] Successfully saved creative new tab page ads
[Dec 19, 2025 1:03:10.4 PM GMT:ERROR:creative_new_tab_page_ads_util.cc(144)] Successfully saved creative set conversions
--------------------------------------------------------------------------------
[Dec 19, 2025 3:00:08.3 PM GMT:ERROR:creative_new_tab_page_ads_util.cc(159)] Successfully saved creative new tab page ads
[Dec 19, 2025 3:00:08.3 PM GMT:ERROR:creative_new_tab_page_ads_util.cc(144)] Successfully saved creative set conversions
[Dec 19, 2025 3:02:40.1 PM GMT:ERROR:redeem_non_reward_confirmation.cc(116)] Failed to redeem non-reward kViewedImpression confirmation for kNewTabPageAd with transaction id 85bafcdc-7ef8-453d-8958-507339d477ea and creative instance id da14045b-7aea-47f1-92ae-c00e6fd4937a
[Dec 19, 2025 3:02:40.1 PM GMT:ERROR:confirmations.cc(113)] Failed to process kViewedImpression confirmation for kNewTabPageAd with transaction id 85bafcdc-7ef8-453d-8958-507339d477ea and creative instance id da14045b-7aea-47f1-92ae-c00e6fd4937a
[Dec 19, 2025 3:03:02.0 PM GMT:ERROR:redeem_non_reward_confirmation.cc(116)] Failed to redeem non-reward kViewedImpression confirmation for kNewTabPageAd with transaction id 85bafcdc-7ef8-453d-8958-507339d477ea and creative instance id da14045b-7aea-47f1-92ae-c00e6fd4937a
[Dec 19, 2025 3:03:02.0 PM GMT:ERROR:confirmations.cc(113)] Failed to process kViewedImpression confirmation for kNewTabPageAd with transaction id 85bafcdc-7ef8-453d-8958-507339d477ea and creative instance id da14045b-7aea-47f1-92ae-c00e6fd4937a
[Dec 19, 2025 3:03:43.5 PM GMT:ERROR:redeem_non_reward_confirmation.cc(116)] Failed to redeem non-reward kViewedImpression confirmation for kNewTabPageAd with transaction id 85bafcdc-7ef8-453d-8958-507339d477ea and creative instance id da14045b-7aea-47f1-92ae-c00e6fd4937a
[Dec 19, 2025 3:03:43.5 PM GMT:ERROR:confirmations.cc(113)] Failed to process kViewedImpression confirmation for kNewTabPageAd with transaction id 85bafcdc-7ef8-453d-8958-507339d477ea and creative instance id da14045b-7aea-47f1-92ae-c00e6fd4937a
--------------------------------------------------------------------------------
[Dec 19, 2025 5:09:25.0 PM GMT:ERROR:creative_new_tab_page_ads_util.cc(159)] Successfully saved creative new tab page ads
[Dec 19, 2025 5:09:25.0 PM GMT:ERROR:creative_new_tab_page_ads_util.cc(144)] Successfully saved creative set conversions
--------------------------------------------------------------------------------
[Dec 20, 2025 9:34:02.2 AM GMT:ERROR:creative_new_tab_page_ads_util.cc(159)] Successfully saved creative new tab page ads
[Dec 20, 2025 9:34:02.2 AM GMT:ERROR:creative_new_tab_page_ads_util.cc(144)] Successfully saved creative set conversions
[Dec 20, 2025 9:34:24.3 AM GMT:ERROR:creative_new_tab_page_ads_util.cc(159)] Successfully saved creative new tab page ads
[Dec 20, 2025 9:34:24.3 AM GMT:ERROR:creative_new_tab_page_ads_util.cc(144)] Successfully saved creative set conversions
--------------------------------------------------------------------------------
[Dec 20, 2025 11:34:52.3 AM GMT:ERROR:creative_new_tab_page_ads_util.cc(159)] Successfully saved creative new tab page ads
[Dec 20, 2025 11:34:52.3 AM GMT:ERROR:creative_new_tab_page_ads_util.cc(144)] Successfully saved creative set conversions
--------------------------------------------------------------------------------
[Dec 20, 2025 1:22:42.7 PM GMT:ERROR:creative_new_tab_page_ads_util.cc(159)] Successfully saved creative new tab page ads
[Dec 20, 2025 1:22:42.7 PM GMT:ERROR:creative_new_tab_page_ads_util.cc(144)] Successfully saved creative set conversions
--------------------------------------------------------------------------------
[Dec 20, 2025 1:23:35.4 PM GMT:ERROR:creative_new_tab_page_ads_util.cc(159)] Successfully saved creative new tab page ads
[Dec 20, 2025 1:23:35.4 PM GMT:ERROR:creative_new_tab_page_ads_util.cc(144)] Successfully saved creative set conversions
--------------------------------------------------------------------------------
[Dec 20, 2025 1:33:36.1 PM GMT:ERROR:creative_new_tab_page_ads_util.cc(159)] Successfully saved creative new tab page ads
[Dec 20, 2025 1:33:36.1 PM GMT:ERROR:creative_new_tab_page_ads_util.cc(144)] Successfully saved creative set conversions
--------------------------------------------------------------------------------
[Dec 20, 2025 9:52:43.9 PM GMT:ERROR:creative_new_tab_page_ads_util.cc(159)] Successfully saved creative new tab page ads
[Dec 20, 2025 9:52:43.9 PM GMT:ERROR:creative_new_tab_page_ads_util.cc(144)] Successfully saved creative set conversions
--------------------------------------------------------------------------------
[Dec 20, 2025 10:03:11.5 PM GMT:ERROR:creative_new_tab_page_ads_util.cc(159)] Successfully saved creative new tab page ads
[Dec 20, 2025 10:03:11.5 PM GMT:ERROR:creative_new_tab_page_ads_util.cc(144)] Successfully saved creative set conversions
--------------------------------------------------------------------------------
[Dec 20, 2025 10:20:36.6 PM GMT:ERROR:creative_new_tab_page_ads_util.cc(159)] Successfully saved creative new tab page ads
[Dec 20, 2025 10:20:36.6 PM GMT:ERROR:creative_new_tab_page_ads_util.cc(144)] Successfully saved creative set conversions
--------------------------------------------------------------------------------
[Dec 20, 2025 10:26:07.4 PM GMT:ERROR:creative_new_tab_page_ads_util.cc(159)] Successfully saved creative new tab page ads
[Dec 20, 2025 10:26:07.4 PM GMT:ERROR:creative_new_tab_page_ads_util.cc(144)] Successfully saved creative set conversions
--------------------------------------------------------------------------------
[Dec 20, 2025 10:34:28.7 PM GMT:ERROR:creative_new_tab_page_ads_util.cc(159)] Successfully saved creative new tab page ads
[Dec 20, 2025 10:34:28.7 PM GMT:ERROR:creative_new_tab_page_ads_util.cc(144)] Successfully saved creative set conversions
--------------------------------------------------------------------------------
[Dec 20, 2025 10:35:57.2 PM GMT:ERROR:creative_new_tab_page_ads_util.cc(159)] Successfully saved creative new tab page ads
[Dec 20, 2025 10:35:57.2 PM GMT:ERROR:creative_new_tab_page_ads_util.cc(144)] Successfully saved creative set conversions
--------------------------------------------------------------------------------
[Dec 20, 2025 10:36:08.0 PM GMT:ERROR:creative_new_tab_page_ads_util.cc(159)] Successfully saved creative new tab page ads
[Dec 20, 2025 10:36:08.0 PM GMT:ERROR:creative_new_tab_page_ads_util.cc(144)] Successfully saved creative set conversions
--------------------------------------------------------------------------------
[Dec 20, 2025 10:41:54.3 PM GMT:ERROR:creative_new_tab_page_ads_util.cc(159)] Successfully saved creative new tab page ads
[Dec 20, 2025 10:41:54.3 PM GMT:ERROR:creative_new_tab_page_ads_util.cc(144)] Successfully saved creative set conversions
--------------------------------------------------------------------------------
[Dec 20, 2025 10:49:43.2 PM GMT:ERROR:creative_new_tab_page_ads_util.cc(159)] Successfully saved creative new tab page ads
[Dec 20, 2025 10:49:43.2 PM GMT:ERROR:creative_new_tab_page_ads_util.cc(144)] Successfully saved creative set conversions
--------------------------------------------------------------------------------
[Dec 21, 2025 6:39:36.5 AM GMT:ERROR:creative_new_tab_page_ads_util.cc(159)] Successfully saved creative new tab page ads
[Dec 21, 2025 6:39:36.5 AM GMT:ERROR:creative_new_tab_page_ads_util.cc(144)] Successfully saved creative set conversions
[Dec 21, 2025 6:39:58.5 AM GMT:ERROR:creative_new_tab_page_ads_util.cc(159)] Successfully saved creative new tab page ads
[Dec 21, 2025 6:39:58.5 AM GMT:ERROR:creative_new_tab_page_ads_util.cc(144)] Successfully saved creative set conversions
--------------------------------------------------------------------------------
[Dec 23, 2025 4:51:05.2 AM GMT:ERROR:creative_new_tab_page_ads_util.cc(159)] Successfully saved creative new tab page ads
[Dec 23, 2025 4:51:05.2 AM GMT:ERROR:creative_new_tab_page_ads_util.cc(144)] Successfully saved creative set conversions
[Dec 23, 2025 4:51:18.8 AM GMT:ERROR:creative_new_tab_page_ads_util.cc(159)] Successfully saved creative new tab page ads
[Dec 23, 2025 4:51:18.8 AM GMT:ERROR:creative_new_tab_page_ads_util.cc(144)] Successfully saved creative set conversions
--------------------------------------------------------------------------------
[Dec 23, 2025 12:14:27.7 PM GMT:ERROR:creative_new_tab_page_ads_util.cc(159)] Successfully saved creative new tab page ads
[Dec 23, 2025 12:14:27.7 PM GMT:ERROR:creative_new_tab_page_ads_util.cc(144)] Successfully saved creative set conversions
--------------------------------------------------------------------------------
[Dec 23, 2025 5:47:00.9 PM GMT:ERROR:creative_new_tab_page_ads_util.cc(159)] Successfully saved creative new tab page ads
[Dec 23, 2025 5:47:00.9 PM GMT:ERROR:creative_new_tab_page_ads_util.cc(144)] Successfully saved creative set conversions
--------------------------------------------------------------------------------
[Dec 23, 2025 5:48:14.6 PM GMT:ERROR:creative_new_tab_page_ads_util.cc(159)] Successfully saved creative new tab page ads
[Dec 23, 2025 5:48:14.6 PM GMT:ERROR:creative_new_tab_page_ads_util.cc(144)] Successfully saved creative set conversions
--------------------------------------------------------------------------------
[Dec 24, 2025 10:59:23.3 AM GMT:ERROR:creative_new_tab_page_ads_util.cc(159)] Successfully saved creative new tab page ads
[Dec 24, 2025 10:59:23.3 AM GMT:ERROR:creative_new_tab_page_ads_util.cc(144)] Successfully saved creative set conversions
[Dec 24, 2025 11:00:32.8 AM GMT:ERROR:creative_new_tab_page_ads_util.cc(159)] Successfully saved creative new tab page ads
[Dec 24, 2025 11:00:32.8 AM GMT:ERROR:creative_new_tab_page_ads_util.cc(144)] Successfully saved creative set conversions
--------------------------------------------------------------------------------
[Dec 24, 2025 2:04:39.7 PM GMT:ERROR:creative_new_tab_page_ads_util.cc(159)] Successfully saved creative new tab page ads
[Dec 24, 2025 2:04:39.7 PM GMT:ERROR:creative_new_tab_page_ads_util.cc(144)] Successfully saved creative set conversions
--------------------------------------------------------------------------------
[Dec 24, 2025 7:22:58.6 PM GMT:ERROR:creative_new_tab_page_ads_util.cc(159)] Successfully saved creative new tab page ads
[Dec 24, 2025 7:22:58.6 PM GMT:ERROR:creative_new_tab_page_ads_util.cc(144)] Successfully saved creative set conversions
[Dec 25, 2025 4:23:00.8 AM GMT:ERROR:creative_new_tab_page_ads_util.cc(159)] Successfully saved creative new tab page ads
[Dec 25, 2025 4:23:00.8 AM GMT:ERROR:creative_new_tab_page_ads_util.cc(144)] Successfully saved creative set conversions
--------------------------------------------------------------------------------
[Dec 25, 2025 10:28:27.9 AM GMT:ERROR:creative_new_tab_page_ads_util.cc(159)] Successfully saved creative new tab page ads
[Dec 25, 2025 10:28:27.9 AM GMT:ERROR:creative_new_tab_page_ads_util.cc(144)] Successfully saved creative set conversions
--------------------------------------------------------------------------------
[Dec 26, 2025 8:54:55.4 AM GMT:ERROR:creative_new_tab_page_ads_util.cc(159)] Successfully saved creative new tab page ads
[Dec 26, 2025 8:54:55.4 AM GMT:ERROR:creative_new_tab_page_ads_util.cc(144)] Successfully saved creative set conversions
[Dec 26, 2025 9:09:57.0 AM GMT:ERROR:creative_new_tab_page_ads_util.cc(159)] Successfully saved creative new tab page ads
[Dec 26, 2025 9:09:57.0 AM GMT:ERROR:creative_new_tab_page_ads_util.cc(144)] Successfully saved creative set conversions
--------------------------------------------------------------------------------
[Dec 26, 2025 11:41:19.7 AM GMT:ERROR:creative_new_tab_page_ads_util.cc(159)] Successfully saved creative new tab page ads
[Dec 26, 2025 11:41:19.7 AM GMT:ERROR:creative_new_tab_page_ads_util.cc(144)] Successfully saved creative set conversions
--------------------------------------------------------------------------------
[Dec 27, 2025 9:36:18.8 AM GMT:ERROR:creative_new_tab_page_ads_util.cc(159)] Successfully saved creative new tab page ads
[Dec 27, 2025 9:36:18.8 AM GMT:ERROR:creative_new_tab_page_ads_util.cc(144)] Successfully saved creative set conversions
[Dec 27, 2025 9:36:26.1 AM GMT:ERROR:creative_new_tab_page_ads_util.cc(159)] Successfully saved creative new tab page ads
[Dec 27, 2025 9:36:26.1 AM GMT:ERROR:creative_new_tab_page_ads_util.cc(144)] Successfully saved creative set conversions
--------------------------------------------------------------------------------
[Dec 27, 2025 6:38:59.2 PM GMT:ERROR:creative_new_tab_page_ads_util.cc(159)] Successfully saved creative new tab page ads
[Dec 27, 2025 6:38:59.2 PM GMT:ERROR:creative_new_tab_page_ads_util.cc(144)] Successfully saved creative set conversions
--------------------------------------------------------------------------------
[Dec 27, 2025 10:06:14.0 PM GMT:ERROR:creative_new_tab_page_ads_util.cc(159)] Successfully saved creative new tab page ads
[Dec 27, 2025 10:06:14.0 PM GMT:ERROR:creative_new_tab_page_ads_util.cc(144)] Successfully saved creative set conversions
--------------------------------------------------------------------------------
[Dec 27, 2025 11:17:59.9 PM GMT:ERROR:creative_new_tab_page_ads_util.cc(159)] Successfully saved creative new tab page ads
[Dec 27, 2025 11:17:59.9 PM GMT:ERROR:creative_new_tab_page_ads_util.cc(144)] Successfully saved creative set conversions
--------------------------------------------------------------------------------
[Dec 27, 2025 11:20:39.0 PM GMT:ERROR:creative_new_tab_page_ads_util.cc(159)] Successfully saved creative new tab page ads
[Dec 27, 2025 11:20:39.0 PM GMT:ERROR:creative_new_tab_page_ads_util.cc(144)] Successfully saved creative set conversions
--------------------------------------------------------------------------------
[Dec 27, 2025 11:26:38.3 PM GMT:ERROR:creative_new_tab_page_ads_util.cc(159)] Successfully saved creative new tab page ads
[Dec 27, 2025 11:26:38.3 PM GMT:ERROR:creative_new_tab_page_ads_util.cc(144)] Successfully saved creative set conversions
--------------------------------------------------------------------------------
[Dec 28, 2026 12:52:22.0 AM GMT:ERROR:creative_new_tab_page_ads_util.cc(159)] Successfully saved creative new tab page ads
[Dec 28, 2026 12:52:22.0 AM GMT:ERROR:creative_new_tab_page_ads_util.cc(144)] Successfully saved creative set conversions
--------------------------------------------------------------------------------
[Dec 28, 2026 9:13:39.1 AM GMT:ERROR:creative_new_tab_page_ads_util.cc(159)] Successfully saved creative new tab page ads
[Dec 28, 2026 9:13:39.1 AM GMT:ERROR:creative_new_tab_page_ads_util.cc(144)] Successfully saved creative set conversions
[Dec 28, 2026 9:13:54.5 AM GMT:ERROR:creative_new_tab_page_ads_util.cc(159)] Successfully saved creative new tab page ads
[Dec 28, 2026 9:13:54.5 AM GMT:ERROR:creative_new_tab_page_ads_util.cc(144)] Successfully saved creative set conversions
--------------------------------------------------------------------------------
[Dec 29, 2026 9:31:45.0 AM GMT:ERROR:creative_new_tab_page_ads_util.cc(159)] Successfully saved creative new tab page ads
[Dec 29, 2026 9:31:45.0 AM GMT:ERROR:creative_new_tab_page_ads_util.cc(144)] Successfully saved creative set conversions
[Dec 29, 2026 9:31:55.0 AM GMT:ERROR:creative_new_tab_page_ads_util.cc(159)] Successfully saved creative new tab page ads
[Dec 29, 2026 9:31:55.0 AM GMT:ERROR:creative_new_tab_page_ads_util.cc(144)] Successfully saved creative set conversions
--------------------------------------------------------------------------------
[Dec 29, 2026 12:08:16.5 PM GMT:ERROR:creative_new_tab_page_ads_util.cc(159)] Successfully saved creative new tab page ads
[Dec 29, 2026 12:08:16.5 PM GMT:ERROR:creative_new_tab_page_ads_util.cc(144)] Successfully saved creative set conversions
--------------------------------------------------------------------------------
[Dec 29, 2026 5:16:32.1 PM GMT:ERROR:creative_new_tab_page_ads_util.cc(159)] Successfully saved creative new tab page ads
[Dec 29, 2026 5:16:32.1 PM GMT:ERROR:creative_new_tab_page_ads_util.cc(144)] Successfully saved creative set conversions
[Dec 29, 2026 6:16:34.1 PM GMT:ERROR:creative_new_tab_page_ads_util.cc(159)] Successfully saved creative new tab page ads
[Dec 29, 2026 6:16:34.1 PM GMT:ERROR:creative_new_tab_page_ads_util.cc(144)] Successfully saved creative set conversions
--------------------------------------------------------------------------------
[Dec 30, 2026 7:25:47.2 AM GMT:ERROR:creative_new_tab_page_ads_util.cc(159)] Successfully saved creative new tab page ads
[Dec 30, 2026 7:25:47.2 AM GMT:ERROR:creative_new_tab_page_ads_util.cc(144)] Successfully saved creative set conversions
[Dec 30, 2026 7:27:05.1 AM GMT:ERROR:creative_new_tab_page_ads_util.cc(159)] Successfully saved creative new tab page ads
[Dec 30, 2026 7:27:05.1 AM GMT:ERROR:creative_new_tab_page_ads_util.cc(144)] Successfully saved creative set conversions
--------------------------------------------------------------------------------
[Dec 30, 2026 8:23:38.8 AM GMT:ERROR:creative_new_tab_page_ads_util.cc(159)] Successfully saved creative new tab page ads
[Dec 30, 2026 8:23:38.8 AM GMT:ERROR:creative_new_tab_page_ads_util.cc(144)] Successfully saved creative set conversions
--------------------------------------------------------------------------------
[Dec 30, 2026 9:52:43.1 AM GMT:ERROR:creative_new_tab_page_ads_util.cc(159)] Successfully saved creative new tab page ads
[Dec 30, 2026 9:52:43.1 AM GMT:ERROR:creative_new_tab_page_ads_util.cc(144)] Successfully saved creative set conversions
--------------------------------------------------------------------------------
[Dec 30, 2026 10:02:12.7 AM GMT:ERROR:creative_new_tab_page_ads_util.cc(159)] Successfully saved creative new tab page ads
[Dec 30, 2026 10:02:12.7 AM GMT:ERROR:creative_new_tab_page_ads_util.cc(144)] Successfully saved creative set conversions
--------------------------------------------------------------------------------
[Dec 30, 2026 2:25:11.8 PM GMT:ERROR:creative_new_tab_page_ads_util.cc(159)] Successfully saved creative new tab page ads
[Dec 30, 2026 2:25:11.8 PM GMT:ERROR:creative_new_tab_page_ads_util.cc(144)] Successfully saved creative set conversions
--------------------------------------------------------------------------------
[Dec 30, 2026 2:38:25.8 PM GMT:ERROR:creative_new_tab_page_ads_util.cc(159)] Successfully saved creative new tab page ads
[Dec 30, 2026 2:38:25.8 PM GMT:ERROR:creative_new_tab_page_ads_util.cc(144)] Successfully saved creative set conversions
--------------------------------------------------------------------------------
[Dec 30, 2026 2:49:43.6 PM GMT:ERROR:creative_new_tab_page_ads_util.cc(159)] Successfully saved creative new tab page ads
[Dec 30, 2026 2:49:43.6 PM GMT:ERROR:creative_new_tab_page_ads_util.cc(144)] Successfully saved creative set conversions
--------------------------------------------------------------------------------
[Dec 31, 2026 9:03:27.4 AM GMT:ERROR:creative_new_tab_page_ads_util.cc(159)] Successfully saved creative new tab page ads
[Dec 31, 2026 9:03:27.4 AM GMT:ERROR:creative_new_tab_page_ads_util.cc(144)] Successfully saved creative set conversions
[Dec 31, 2026 9:03:34.1 AM GMT:ERROR:creative_new_tab_page_ads_util.cc(159)] Successfully saved creative new tab page ads
[Dec 31, 2026 9:03:34.1 AM GMT:ERROR:creative_new_tab_page_ads_util.cc(144)] Successfully saved creative set conversions
--------------------------------------------------------------------------------
[Jan 01, 2026 8:53:55.6 AM GMT:ERROR:creative_new_tab_page_ads_util.cc(159)] Successfully saved creative new tab page ads
[Jan 01, 2026 8:53:55.6 AM GMT:ERROR:creative_new_tab_page_ads_util.cc(144)] Successfully saved creative set conversions
[Jan 01, 2026 8:54:04.1 AM GMT:ERROR:creative_new_tab_page_ads_util.cc(159)] Successfully saved creative new tab page ads
[Jan 01, 2026 8:54:04.1 AM GMT:ERROR:creative_new_tab_page_ads_util.cc(144)] Successfully saved creative set conversions
--------------------------------------------------------------------------------
[Jan 01, 2026 12:19:55.8 PM GMT:ERROR:creative_new_tab_page_ads_util.cc(159)] Successfully saved creative new tab page ads
[Jan 01, 2026 12:19:55.8 PM GMT:ERROR:creative_new_tab_page_ads_util.cc(144)] Successfully saved creative set conversions
--------------------------------------------------------------------------------
[Jan 01, 2026 12:20:29.0 PM GMT:ERROR:creative_new_tab_page_ads_util.cc(159)] Successfully saved creative new tab page ads
[Jan 01, 2026 12:20:29.0 PM GMT:ERROR:creative_new_tab_page_ads_util.cc(144)] Successfully saved creative set conversions
--------------------------------------------------------------------------------
[Jan 01, 2026 7:13:55.4 PM GMT:ERROR:creative_new_tab_page_ads_util.cc(159)] Successfully saved creative new tab page ads
[Jan 01, 2026 7:13:55.4 PM GMT:ERROR:creative_new_tab_page_ads_util.cc(144)] Successfully saved creative set conversions
--------------------------------------------------------------------------------
[Jan 01, 2026 8:12:13.3 PM GMT:ERROR:creative_new_tab_page_ads_util.cc(159)] Successfully saved creative new tab page ads
[Jan 01, 2026 8:12:13.3 PM GMT:ERROR:creative_new_tab_page_ads_util.cc(144)] Successfully saved creative set conversions
--------------------------------------------------------------------------------
[Jan 02, 2026 11:35:19.0 AM GMT:ERROR:creative_new_tab_page_ads_util.cc(159)] Successfully saved creative new tab page ads
[Jan 02, 2026 11:35:19.0 AM GMT:ERROR:creative_new_tab_page_ads_util.cc(144)] Successfully saved creative set conversions
[Jan 02, 2026 11:50:20.9 AM GMT:ERROR:creative_new_tab_page_ads_util.cc(159)] Successfully saved creative new tab page ads
[Jan 02, 2026 11:50:20.9 AM GMT:ERROR:creative_new_tab_page_ads_util.cc(144)] Successfully saved creative set conversions
--------------------------------------------------------------------------------
[Jan 02, 2026 12:16:53.1 PM GMT:ERROR:creative_new_tab_page_ads_util.cc(159)] Successfully saved creative new tab page ads
[Jan 02, 2026 12:16:53.1 PM GMT:ERROR:creative_new_tab_page_ads_util.cc(144)] Successfully saved creative set conversions
--------------------------------------------------------------------------------
[Jan 02, 2026 12:18:51.4 PM GMT:ERROR:creative_new_tab_page_ads_util.cc(159)] Successfully saved creative new tab page ads
[Jan 02, 2026 12:18:51.4 PM GMT:ERROR:creative_new_tab_page_ads_util.cc(144)] Successfully saved creative set conversions
[Jan 02, 2026 12:19:45.8 PM GMT:ERROR:redeem_non_reward_confirmation.cc(116)] Failed to redeem non-reward kViewedImpression confirmation for kNewTabPageAd with transaction id b9737ba9-4cfe-4fc0-a73d-d2a7c80f1092 and creative instance id 09c16e4c-e54d-4cb4-9349-74bf8bb90ceb
[Jan 02, 2026 12:19:45.8 PM GMT:ERROR:confirmations.cc(113)] Failed to process kViewedImpression confirmation for kNewTabPageAd with transaction id b9737ba9-4cfe-4fc0-a73d-d2a7c80f1092 and creative instance id 09c16e4c-e54d-4cb4-9349-74bf8bb90ceb
--------------------------------------------------------------------------------
[Jan 02, 2026 6:05:51.0 PM GMT:ERROR:creative_new_tab_page_ads_util.cc(159)] Successfully saved creative new tab page ads
[Jan 02, 2026 6:05:51.0 PM GMT:ERROR:creative_new_tab_page_ads_util.cc(144)] Successfully saved creative set conversions
--------------------------------------------------------------------------------
[Jan 02, 2026 11:09:39.2 PM GMT:ERROR:creative_new_tab_page_ads_util.cc(159)] Successfully saved creative new tab page ads
[Jan 02, 2026 11:09:39.2 PM GMT:ERROR:creative_new_tab_page_ads_util.cc(144)] Successfully saved creative set conversions
--------------------------------------------------------------------------------
[Jan 02, 2026 11:21:15.6 PM GMT:ERROR:creative_new_tab_page_ads_util.cc(159)] Successfully saved creative new tab page ads
[Jan 02, 2026 11:21:15.6 PM GMT:ERROR:creative_new_tab_page_ads_util.cc(144)] Successfully saved creative set conversions
--------------------------------------------------------------------------------
[Jan 02, 2026 11:54:17.3 PM GMT:ERROR:creative_new_tab_page_ads_util.cc(159)] Successfully saved creative new tab page ads
[Jan 02, 2026 11:54:17.3 PM GMT:ERROR:creative_new_tab_page_ads_util.cc(144)] Successfully saved creative set conversions
--------------------------------------------------------------------------------
[Jan 02, 2026 11:59:57.4 PM GMT:ERROR:creative_new_tab_page_ads_util.cc(159)] Successfully saved creative new tab page ads
[Jan 02, 2026 11:59:57.4 PM GMT:ERROR:creative_new_tab_page_ads_util.cc(144)] Successfully saved creative set conversions
--------------------------------------------------------------------------------
[Jan 03, 2026 12:20:40.5 AM GMT:ERROR:creative_new_tab_page_ads_util.cc(159)] Successfully saved creative new tab page ads
[Jan 03, 2026 12:20:40.5 AM GMT:ERROR:creative_new_tab_page_ads_util.cc(144)] Successfully saved creative set conversions
--------------------------------------------------------------------------------
[Jan 03, 2026 8:23:28.7 AM GMT:ERROR:creative_new_tab_page_ads_util.cc(159)] Successfully saved creative new tab page ads
[Jan 03, 2026 8:23:28.7 AM GMT:ERROR:creative_new_tab_page_ads_util.cc(144)] Successfully saved creative set conversions
[Jan 03, 2026 8:23:37.2 AM GMT:ERROR:creative_new_tab_page_ads_util.cc(159)] Successfully saved creative new tab page ads
[Jan 03, 2026 8:23:37.2 AM GMT:ERROR:creative_new_tab_page_ads_util.cc(144)] Successfully saved creative set conversions
--------------------------------------------------------------------------------
[Jan 03, 2026 6:42:46.0 PM GMT:ERROR:creative_new_tab_page_ads_util.cc(159)] Successfully saved creative new tab page ads
[Jan 03, 2026 6:42:46.0 PM GMT:ERROR:creative_new_tab_page_ads_util.cc(144)] Successfully saved creative set conversions
--------------------------------------------------------------------------------
[Jan 03, 2026 8:17:06.0 PM GMT:ERROR:creative_new_tab_page_ads_util.cc(159)] Successfully saved creative new tab page ads
[Jan 03, 2026 8:17:06.0 PM GMT:ERROR:creative_new_tab_page_ads_util.cc(144)] Successfully saved creative set conversions
--------------------------------------------------------------------------------
[Jan 04, 2026 9:19:26.2 AM GMT:ERROR:creative_new_tab_page_ads_util.cc(159)] Successfully saved creative new tab page ads
[Jan 04, 2026 9:19:26.2 AM GMT:ERROR:creative_new_tab_page_ads_util.cc(144)] Successfully saved creative set conversions
[Jan 04, 2026 9:19:37.1 AM GMT:ERROR:creative_new_tab_page_ads_util.cc(159)] Successfully saved creative new tab page ads
[Jan 04, 2026 9:19:37.1 AM GMT:ERROR:creative_new_tab_page_ads_util.cc(144)] Successfully saved creative set conversions
--------------------------------------------------------------------------------
[Jan 04, 2026 9:43:14.4 AM GMT:ERROR:creative_new_tab_page_ads_util.cc(159)] Successfully saved creative new tab page ads
[Jan 04, 2026 9:43:14.4 AM GMT:ERROR:creative_new_tab_page_ads_util.cc(144)] Successfully saved creative set conversions
--------------------------------------------------------------------------------
[Jan 04, 2026 6:36:49.3 PM GMT:ERROR:creative_new_tab_page_ads_util.cc(159)] Successfully saved creative new tab page ads
[Jan 04, 2026 6:36:49.3 PM GMT:ERROR:creative_new_tab_page_ads_util.cc(144)] Successfully saved creative set conversions
--------------------------------------------------------------------------------
[Jan 04, 2026 8:15:32.3 PM GMT:ERROR:creative_new_tab_page_ads_util.cc(159)] Successfully saved creative new tab page ads
[Jan 04, 2026 8:15:32.3 PM GMT:ERROR:creative_new_tab_page_ads_util.cc(144)] Successfully saved creative set conversions
--------------------------------------------------------------------------------
[Jan 04, 2026 8:22:49.1 PM GMT:ERROR:creative_new_tab_page_ads_util.cc(159)] Successfully saved creative new tab page ads
[Jan 04, 2026 8:22:49.1 PM GMT:ERROR:creative_new_tab_page_ads_util.cc(144)] Successfully saved creative set conversions
--------------------------------------------------------------------------------
[Jan 05, 2026 9:22:06.5 AM GMT:ERROR:creative_new_tab_page_ads_util.cc(159)] Successfully saved creative new tab page ads
[Jan 05, 2026 9:22:06.5 AM GMT:ERROR:creative_new_tab_page_ads_util.cc(144)] Successfully saved creative set conversions
[Jan 05, 2026 9:22:24.2 AM GMT:ERROR:creative_new_tab_page_ads_util.cc(159)] Successfully saved creative new tab page ads
[Jan 05, 2026 9:22:24.2 AM GMT:ERROR:creative_new_tab_page_ads_util.cc(144)] Successfully saved creative set conversions
--------------------------------------------------------------------------------
[Jan 06, 2026 5:04:30.1 AM GMT:ERROR:creative_new_tab_page_ads_util.cc(159)] Successfully saved creative new tab page ads
[Jan 06, 2026 5:04:30.1 AM GMT:ERROR:creative_new_tab_page_ads_util.cc(144)] Successfully saved creative set conversions
[Jan 06, 2026 5:04:42.6 AM GMT:ERROR:creative_new_tab_page_ads_util.cc(159)] Successfully saved creative new tab page ads
[Jan 06, 2026 5:04:42.6 AM GMT:ERROR:creative_new_tab_page_ads_util.cc(144)] Successfully saved creative set conversions
--------------------------------------------------------------------------------
[Jan 06, 2026 7:46:05.9 AM GMT:ERROR:creative_new_tab_page_ads_util.cc(159)] Successfully saved creative new tab page ads
[Jan 06, 2026 7:46:05.9 AM GMT:ERROR:creative_new_tab_page_ads_util.cc(144)] Successfully saved creative set conversions
--------------------------------------------------------------------------------
[Jan 06, 2026 3:55:54.2 PM GMT:ERROR:creative_new_tab_page_ads_util.cc(159)] Successfully saved creative new tab page ads
[Jan 06, 2026 3:55:54.2 PM GMT:ERROR:creative_new_tab_page_ads_util.cc(144)] Successfully saved creative set conversions
--------------------------------------------------------------------------------
[Jan 07, 2026 8:26:35.0 AM GMT:ERROR:creative_new_tab_page_ads_util.cc(159)] Successfully saved creative new tab page ads
[Jan 07, 2026 8:26:35.0 AM GMT:ERROR:creative_new_tab_page_ads_util.cc(144)] Successfully saved creative set conversions
[Jan 07, 2026 8:26:43.6 AM GMT:ERROR:creative_new_tab_page_ads_util.cc(159)] Successfully saved creative new tab page ads
[Jan 07, 2026 8:26:43.6 AM GMT:ERROR:creative_new_tab_page_ads_util.cc(144)] Successfully saved creative set conversions
--------------------------------------------------------------------------------
[Jan 08, 2026 7:18:33.0 AM GMT:ERROR:creative_new_tab_page_ads_util.cc(159)] Successfully saved creative new tab page ads
[Jan 08, 2026 7:18:33.0 AM GMT:ERROR:creative_new_tab_page_ads_util.cc(144)] Successfully saved creative set conversions
[Jan 08, 2026 7:18:42.5 AM GMT:ERROR:creative_new_tab_page_ads_util.cc(159)] Successfully saved creative new tab page ads
[Jan 08, 2026 7:18:42.5 AM GMT:ERROR:creative_new_tab_page_ads_util.cc(144)] Successfully saved creative set conversions
--------------------------------------------------------------------------------
[Jan 08, 2026 5:39:02.4 PM GMT:ERROR:creative_new_tab_page_ads_util.cc(159)] Successfully saved creative new tab page ads
[Jan 08, 2026 5:39:02.4 PM GMT:ERROR:creative_new_tab_page_ads_util.cc(144)] Successfully saved creative set conversions
[Jan 09, 2026 4:24:04.1 AM GMT:ERROR:creative_new_tab_page_ads_util.cc(159)] Successfully saved creative new tab page ads
[Jan 09, 2026 4:24:04.1 AM GMT:ERROR:creative_new_tab_page_ads_util.cc(144)] Successfully saved creative set conversions
--------------------------------------------------------------------------------
[Jan 09, 2026 8:11:32.1 PM GMT:ERROR:creative_new_tab_page_ads_util.cc(159)] Successfully saved creative new tab page ads
[Jan 09, 2026 8:11:32.1 PM GMT:ERROR:creative_new_tab_page_ads_util.cc(144)] Successfully saved creative set conversions
--------------------------------------------------------------------------------
[Jan 09, 2026 9:34:14.9 PM GMT:ERROR:creative_new_tab_page_ads_util.cc(159)] Successfully saved creative new tab page ads
[Jan 09, 2026 9:34:14.9 PM GMT:ERROR:creative_new_tab_page_ads_util.cc(144)] Successfully saved creative set conversions
--------------------------------------------------------------------------------
[Jan 09, 2026 9:47:02.5 PM GMT:ERROR:creative_new_tab_page_ads_util.cc(159)] Successfully saved creative new tab page ads
[Jan 09, 2026 9:47:02.5 PM GMT:ERROR:creative_new_tab_page_ads_util.cc(144)] Successfully saved creative set conversions
--------------------------------------------------------------------------------
[Jan 10, 2026 8:14:48.2 AM GMT:ERROR:creative_new_tab_page_ads_util.cc(159)] Successfully saved creative new tab page ads
[Jan 10, 2026 8:14:48.2 AM GMT:ERROR:creative_new_tab_page_ads_util.cc(144)] Successfully saved creative set conversions
[Jan 10, 2026 8:15:07.9 AM GMT:ERROR:creative_new_tab_page_ads_util.cc(159)] Successfully saved creative new tab page ads
[Jan 10, 2026 8:15:07.9 AM GMT:ERROR:creative_new_tab_page_ads_util.cc(144)] Successfully saved creative set conversions
--------------------------------------------------------------------------------
[Jan 11, 2026 8:59:55.8 AM GMT:ERROR:creative_new_tab_page_ads_util.cc(159)] Successfully saved creative new tab page ads
[Jan 11, 2026 8:59:55.8 AM GMT:ERROR:creative_new_tab_page_ads_util.cc(144)] Successfully saved creative set conversions
[Jan 11, 2026 9:00:04.1 AM GMT:ERROR:creative_new_tab_page_ads_util.cc(159)] Successfully saved creative new tab page ads
[Jan 11, 2026 9:00:04.1 AM GMT:ERROR:creative_new_tab_page_ads_util.cc(144)] Successfully saved creative set conversions
--------------------------------------------------------------------------------
[Jan 11, 2026 11:17:37.9 AM GMT:ERROR:creative_new_tab_page_ads_util.cc(159)] Successfully saved creative new tab page ads
[Jan 11, 2026 11:17:37.9 AM GMT:ERROR:creative_new_tab_page_ads_util.cc(144)] Successfully saved creative set conversions
--------------------------------------------------------------------------------
[Jan 11, 2026 4:11:59.1 PM GMT:ERROR:creative_new_tab_page_ads_util.cc(159)] Successfully saved creative new tab page ads
[Jan 11, 2026 4:11:59.1 PM GMT:ERROR:creative_new_tab_page_ads_util.cc(144)] Successfully saved creative set conversions
--------------------------------------------------------------------------------
[Jan 11, 2026 4:19:06.4 PM GMT:ERROR:creative_new_tab_page_ads_util.cc(159)] Successfully saved creative new tab page ads
[Jan 11, 2026 4:19:06.4 PM GMT:ERROR:creative_new_tab_page_ads_util.cc(144)] Successfully saved creative set conversions
--------------------------------------------------------------------------------
[Jan 11, 2026 4:24:54.8 PM GMT:ERROR:creative_new_tab_page_ads_util.cc(159)] Successfully saved creative new tab page ads
[Jan 11, 2026 4:24:54.8 PM GMT:ERROR:creative_new_tab_page_ads_util.cc(144)] Successfully saved creative set conversions
[Jan 12, 2026 4:24:55.8 AM GMT:ERROR:creative_new_tab_page_ads_util.cc(159)] Successfully saved creative new tab page ads
[Jan 12, 2026 4:24:55.8 AM GMT:ERROR:creative_new_tab_page_ads_util.cc(144)] Successfully saved creative set conversions
--------------------------------------------------------------------------------
[Jan 12, 2026 8:15:20.8 PM GMT:ERROR:creative_new_tab_page_ads_util.cc(159)] Successfully saved creative new tab page ads
[Jan 12, 2026 8:15:20.8 PM GMT:ERROR:creative_new_tab_page_ads_util.cc(144)] Successfully saved creative set conversions
--------------------------------------------------------------------------------
[Jan 13, 2026 12:27:16.5 AM GMT:ERROR:creative_new_tab_page_ads_util.cc(159)] Successfully saved creative new tab page ads
[Jan 13, 2026 12:27:16.5 AM GMT:ERROR:creative_new_tab_page_ads_util.cc(144)] Successfully saved creative set conversions
--------------------------------------------------------------------------------
[Jan 13, 2026 12:32:13.9 AM GMT:ERROR:creative_new_tab_page_ads_util.cc(159)] Successfully saved creative new tab page ads
[Jan 13, 2026 12:32:13.9 AM GMT:ERROR:creative_new_tab_page_ads_util.cc(144)] Successfully saved creative set conversions
--------------------------------------------------------------------------------
[Jan 13, 2026 9:23:14.9 AM GMT:ERROR:creative_new_tab_page_ads_util.cc(159)] Successfully saved creative new tab page ads
[Jan 13, 2026 9:23:14.9 AM GMT:ERROR:creative_new_tab_page_ads_util.cc(144)] Successfully saved creative set conversions
[Jan 13, 2026 9:23:27.9 AM GMT:ERROR:creative_new_tab_page_ads_util.cc(159)] Successfully saved creative new tab page ads
[Jan 13, 2026 9:23:27.9 AM GMT:ERROR:creative_new_tab_page_ads_util.cc(144)] Successfully saved creative set conversions
--------------------------------------------------------------------------------
[Jan 14, 2026 10:42:18.8 AM GMT:ERROR:creative_new_tab_page_ads_util.cc(159)] Successfully saved creative new tab page ads
[Jan 14, 2026 10:42:18.8 AM GMT:ERROR:creative_new_tab_page_ads_util.cc(144)] Successfully saved creative set conversions
[Jan 14, 2026 10:42:26.8 AM GMT:ERROR:creative_new_tab_page_ads_util.cc(159)] Successfully saved creative new tab page ads
[Jan 14, 2026 10:42:26.8 AM GMT:ERROR:creative_new_tab_page_ads_util.cc(144)] Successfully saved creative set conversions
--------------------------------------------------------------------------------
[Jan 15, 2026 7:10:51.4 AM GMT:ERROR:creative_new_tab_page_ads_util.cc(159)] Successfully saved creative new tab page ads
[Jan 15, 2026 7:10:51.4 AM GMT:ERROR:creative_new_tab_page_ads_util.cc(144)] Successfully saved creative set conversions
[Jan 15, 2026 7:25:53.7 AM GMT:ERROR:creative_new_tab_page_ads_util.cc(159)] Successfully saved creative new tab page ads
[Jan 15, 2026 7:25:53.7 AM GMT:ERROR:creative_new_tab_page_ads_util.cc(144)] Successfully saved creative set conversions
[Jan 15, 2026 11:54:19.1 AM GMT:ERROR:redeem_non_reward_confirmation.cc(116)] Failed to redeem non-reward kViewedImpression confirmation for kNewTabPageAd with transaction id 9f4be180-bcdc-4b16-88f2-0c238f67c85a and creative instance id 338fe7c3-f0fc-4fc6-8273-1282bfcea1a8
[Jan 15, 2026 11:54:19.1 AM GMT:ERROR:confirmations.cc(113)] Failed to process kViewedImpression confirmation for kNewTabPageAd with transaction id 9f4be180-bcdc-4b16-88f2-0c238f67c85a and creative instance id 338fe7c3-f0fc-4fc6-8273-1282bfcea1a8
[Jan 15, 2026 11:54:32.2 AM GMT:ERROR:redeem_non_reward_confirmation.cc(116)] Failed to redeem non-reward kClicked confirmation for kNewTabPageAd with transaction id 8bbb6fd0-f4bb-4a99-b1a2-843172f3b987 and creative instance id 338fe7c3-f0fc-4fc6-8273-1282bfcea1a8
[Jan 15, 2026 11:54:32.2 AM GMT:ERROR:confirmations.cc(113)] Failed to process kClicked confirmation for kNewTabPageAd with transaction id 8bbb6fd0-f4bb-4a99-b1a2-843172f3b987 and creative instance id 338fe7c3-f0fc-4fc6-8273-1282bfcea1a8
[Jan 15, 2026 11:54:40.0 AM GMT:ERROR:redeem_non_reward_confirmation.cc(116)] Failed to redeem non-reward kViewedImpression confirmation for kNewTabPageAd with transaction id 9f4be180-bcdc-4b16-88f2-0c238f67c85a and creative instance id 338fe7c3-f0fc-4fc6-8273-1282bfcea1a8
[Jan 15, 2026 11:54:40.0 AM GMT:ERROR:confirmations.cc(113)] Failed to process kViewedImpression confirmation for kNewTabPageAd with transaction id 9f4be180-bcdc-4b16-88f2-0c238f67c85a and creative instance id 338fe7c3-f0fc-4fc6-8273-1282bfcea1a8
[Jan 15, 2026 11:54:54.3 AM GMT:ERROR:redeem_non_reward_confirmation.cc(116)] Failed to redeem non-reward kClicked confirmation for kNewTabPageAd with transaction id 8bbb6fd0-f4bb-4a99-b1a2-843172f3b987 and creative instance id 338fe7c3-f0fc-4fc6-8273-1282bfcea1a8
[Jan 15, 2026 11:54:54.3 AM GMT:ERROR:confirmations.cc(113)] Failed to process kClicked confirmation for kNewTabPageAd with transaction id 8bbb6fd0-f4bb-4a99-b1a2-843172f3b987 and creative instance id 338fe7c3-f0fc-4fc6-8273-1282bfcea1a8
[Jan 15, 2026 11:55:20.3 AM GMT:ERROR:redeem_non_reward_confirmation.cc(116)] Failed to redeem non-reward kViewedImpression confirmation for kNewTabPageAd with transaction id 9f4be180-bcdc-4b16-88f2-0c238f67c85a and creative instance id 338fe7c3-f0fc-4fc6-8273-1282bfcea1a8
[Jan 15, 2026 11:55:20.3 AM GMT:ERROR:confirmations.cc(113)] Failed to process kViewedImpression confirmation for kNewTabPageAd with transaction id 9f4be180-bcdc-4b16-88f2-0c238f67c85a and creative instance id 338fe7c3-f0fc-4fc6-8273-1282bfcea1a8
[Jan 15, 2026 11:55:33.2 AM GMT:ERROR:redeem_non_reward_confirmation.cc(116)] Failed to redeem non-reward kClicked confirmation for kNewTabPageAd with transaction id 8bbb6fd0-f4bb-4a99-b1a2-843172f3b987 and creative instance id 338fe7c3-f0fc-4fc6-8273-1282bfcea1a8
[Jan 15, 2026 11:55:33.2 AM GMT:ERROR:confirmations.cc(113)] Failed to process kClicked confirmation for kNewTabPageAd with transaction id 8bbb6fd0-f4bb-4a99-b1a2-843172f3b987 and creative instance id 338fe7c3-f0fc-4fc6-8273-1282bfcea1a8
[Jan 15, 2026 11:56:10.8 AM GMT:ERROR:redeem_non_reward_confirmation.cc(116)] Failed to redeem non-reward kClicked confirmation for kNewTabPageAd with transaction id 8bbb6fd0-f4bb-4a99-b1a2-843172f3b987 and creative instance id 338fe7c3-f0fc-4fc6-8273-1282bfcea1a8
[Jan 15, 2026 11:56:10.8 AM GMT:ERROR:confirmations.cc(113)] Failed to process kClicked confirmation for kNewTabPageAd with transaction id 8bbb6fd0-f4bb-4a99-b1a2-843172f3b987 and creative instance id 338fe7c3-f0fc-4fc6-8273-1282bfcea1a8
[Jan 15, 2026 11:56:20.2 AM GMT:ERROR:redeem_non_reward_confirmation.cc(116)] Failed to redeem non-reward kViewedImpression confirmation for kNewTabPageAd with transaction id 9f4be180-bcdc-4b16-88f2-0c238f67c85a and creative instance id 338fe7c3-f0fc-4fc6-8273-1282bfcea1a8
[Jan 15, 2026 11:56:20.2 AM GMT:ERROR:confirmations.cc(113)] Failed to process kViewedImpression confirmation for kNewTabPageAd with transaction id 9f4be180-bcdc-4b16-88f2-0c238f67c85a and creative instance id 338fe7c3-f0fc-4fc6-8273-1282bfcea1a8
[Jan 15, 2026 11:58:22.7 AM GMT:ERROR:redeem_non_reward_confirmation.cc(116)] Failed to redeem non-reward kClicked confirmation for kNewTabPageAd with transaction id 8bbb6fd0-f4bb-4a99-b1a2-843172f3b987 and creative instance id 338fe7c3-f0fc-4fc6-8273-1282bfcea1a8
[Jan 15, 2026 11:58:22.7 AM GMT:ERROR:confirmations.cc(113)] Failed to process kClicked confirmation for kNewTabPageAd with transaction id 8bbb6fd0-f4bb-4a99-b1a2-843172f3b987 and creative instance id 338fe7c3-f0fc-4fc6-8273-1282bfcea1a8
[Jan 15, 2026 11:58:54.1 AM GMT:ERROR:redeem_non_reward_confirmation.cc(116)] Failed to redeem non-reward kViewedImpression confirmation for kNewTabPageAd with transaction id 9f4be180-bcdc-4b16-88f2-0c238f67c85a and creative instance id 338fe7c3-f0fc-4fc6-8273-1282bfcea1a8
[Jan 15, 2026 11:58:54.1 AM GMT:ERROR:confirmations.cc(113)] Failed to process kViewedImpression confirmation for kNewTabPageAd with transaction id 9f4be180-bcdc-4b16-88f2-0c238f67c85a and creative instance id 338fe7c3-f0fc-4fc6-8273-1282bfcea1a8
[Jan 15, 2026 12:01:58.0 PM GMT:ERROR:redeem_non_reward_confirmation.cc(116)] Failed to redeem non-reward kClicked confirmation for kNewTabPageAd with transaction id 8bbb6fd0-f4bb-4a99-b1a2-843172f3b987 and creative instance id 338fe7c3-f0fc-4fc6-8273-1282bfcea1a8
[Jan 15, 2026 12:01:58.0 PM GMT:ERROR:confirmations.cc(113)] Failed to process kClicked confirmation for kNewTabPageAd with transaction id 8bbb6fd0-f4bb-4a99-b1a2-843172f3b987 and creative instance id 338fe7c3-f0fc-4fc6-8273-1282bfcea1a8
[Jan 15, 2026 12:03:34.6 PM GMT:ERROR:redeem_non_reward_confirmation.cc(116)] Failed to redeem non-reward kViewedImpression confirmation for kNewTabPageAd with transaction id 9f4be180-bcdc-4b16-88f2-0c238f67c85a and creative instance id 338fe7c3-f0fc-4fc6-8273-1282bfcea1a8
[Jan 15, 2026 12:03:34.6 PM GMT:ERROR:confirmations.cc(113)] Failed to process kViewedImpression confirmation for kNewTabPageAd with transaction id 9f4be180-bcdc-4b16-88f2-0c238f67c85a and creative instance id 338fe7c3-f0fc-4fc6-8273-1282bfcea1a8
[Jan 15, 2026 12:07:26.5 PM GMT:ERROR:redeem_non_reward_confirmation.cc(116)] Failed to redeem non-reward kClicked confirmation for kNewTabPageAd with transaction id 8bbb6fd0-f4bb-4a99-b1a2-843172f3b987 and creative instance id 338fe7c3-f0fc-4fc6-8273-1282bfcea1a8
[Jan 15, 2026 12:07:26.5 PM GMT:ERROR:confirmations.cc(113)] Failed to process kClicked confirmation for kNewTabPageAd with transaction id 8bbb6fd0-f4bb-4a99-b1a2-843172f3b987 and creative instance id 338fe7c3-f0fc-4fc6-8273-1282bfcea1a8
[Jan 15, 2026 12:14:14.8 PM GMT:ERROR:redeem_non_reward_confirmation.cc(116)] Failed to redeem non-reward kViewedImpression confirmation for kNewTabPageAd with transaction id 9f4be180-bcdc-4b16-88f2-0c238f67c85a and creative instance id 338fe7c3-f0fc-4fc6-8273-1282bfcea1a8
[Jan 15, 2026 12:14:14.8 PM GMT:ERROR:confirmations.cc(113)] Failed to process kViewedImpression confirmation for kNewTabPageAd with transaction id 9f4be180-bcdc-4b16-88f2-0c238f67c85a and creative instance id 338fe7c3-f0fc-4fc6-8273-1282bfcea1a8
[Jan 15, 2026 12:25:45.4 PM GMT:ERROR:redeem_non_reward_confirmation.cc(116)] Failed to redeem non-reward kClicked confirmation for kNewTabPageAd with transaction id 8bbb6fd0-f4bb-4a99-b1a2-843172f3b987 and creative instance id 338fe7c3-f0fc-4fc6-8273-1282bfcea1a8
[Jan 15, 2026 12:25:45.4 PM GMT:ERROR:confirmations.cc(113)] Failed to process kClicked confirmation for kNewTabPageAd with transaction id 8bbb6fd0-f4bb-4a99-b1a2-843172f3b987 and creative instance id 338fe7c3-f0fc-4fc6-8273-1282bfcea1a8
[Jan 15, 2026 12:31:52.0 PM GMT:ERROR:redeem_non_reward_confirmation.cc(116)] Failed to redeem non-reward kViewedImpression confirmation for kNewTabPageAd with transaction id 9f4be180-bcdc-4b16-88f2-0c238f67c85a and creative instance id 338fe7c3-f0fc-4fc6-8273-1282bfcea1a8
[Jan 15, 2026 12:31:52.1 PM GMT:ERROR:confirmations.cc(113)] Failed to process kViewedImpression confirmation for kNewTabPageAd with transaction id 9f4be180-bcdc-4b16-88f2-0c238f67c85a and creative instance id 338fe7c3-f0fc-4fc6-8273-1282bfcea1a8
[Jan 15, 2026 12:54:32.8 PM GMT:ERROR:redeem_non_reward_confirmation.cc(116)] Failed to redeem non-reward kClicked confirmation for kNewTabPageAd with transaction id 8bbb6fd0-f4bb-4a99-b1a2-843172f3b987 and creative instance id 338fe7c3-f0fc-4fc6-8273-1282bfcea1a8
[Jan 15, 2026 12:54:32.9 PM GMT:ERROR:confirmations.cc(113)] Failed to process kClicked confirmation for kNewTabPageAd with transaction id 8bbb6fd0-f4bb-4a99-b1a2-843172f3b987 and creative instance id 338fe7c3-f0fc-4fc6-8273-1282bfcea1a8
[Jan 15, 2026 1:09:29.9 PM GMT:ERROR:redeem_non_reward_confirmation.cc(116)] Failed to redeem non-reward kViewedImpression confirmation for kNewTabPageAd with transaction id 9f4be180-bcdc-4b16-88f2-0c238f67c85a and creative instance id 338fe7c3-f0fc-4fc6-8273-1282bfcea1a8
[Jan 15, 2026 1:09:29.9 PM GMT:ERROR:confirmations.cc(113)] Failed to process kViewedImpression confirmation for kNewTabPageAd with transaction id 9f4be180-bcdc-4b16-88f2-0c238f67c85a and creative instance id 338fe7c3-f0fc-4fc6-8273-1282bfcea1a8
--------------------------------------------------------------------------------
[Jan 15, 2026 9:03:18.7 PM GMT:ERROR:creative_new_tab_page_ads_util.cc(159)] Successfully saved creative new tab page ads
[Jan 15, 2026 9:03:18.7 PM GMT:ERROR:creative_new_tab_page_ads_util.cc(144)] Successfully saved creative set conversions
--------------------------------------------------------------------------------
[Jan 16, 2026 7:41:12.2 AM GMT:ERROR:creative_new_tab_page_ads_util.cc(159)] Successfully saved creative new tab page ads
[Jan 16, 2026 7:41:12.2 AM GMT:ERROR:creative_new_tab_page_ads_util.cc(144)] Successfully saved creative set conversions
[Jan 16, 2026 7:56:19.6 AM GMT:ERROR:creative_new_tab_page_ads_util.cc(159)] Successfully saved creative new tab page ads
[Jan 16, 2026 7:56:19.6 AM GMT:ERROR:creative_new_tab_page_ads_util.cc(144)] Successfully saved creative set conversions
--------------------------------------------------------------------------------
[Jan 16, 2026 8:16:56.1 AM GMT:ERROR:creative_new_tab_page_ads_util.cc(159)] Successfully saved creative new tab page ads
[Jan 16, 2026 8:16:56.1 AM GMT:ERROR:creative_new_tab_page_ads_util.cc(144)] Successfully saved creative set conversions
[Jan 16, 2026 8:17:13.8 AM GMT:ERROR:redeem_non_reward_confirmation.cc(116)] Failed to redeem non-reward kViewedImpression confirmation for kNewTabPageAd with transaction id 3b02c88c-8e40-43a9-a553-9cd89035715f and creative instance id cf37548b-6c7f-4243-a294-f846bad07326
[Jan 16, 2026 8:17:13.8 AM GMT:ERROR:confirmations.cc(113)] Failed to process kViewedImpression confirmation for kNewTabPageAd with transaction id 3b02c88c-8e40-43a9-a553-9cd89035715f and creative instance id cf37548b-6c7f-4243-a294-f846bad07326
[Jan 16, 2026 8:17:30.4 AM GMT:ERROR:redeem_non_reward_confirmation.cc(116)] Failed to redeem non-reward kViewedImpression confirmation for kNewTabPageAd with transaction id 3b02c88c-8e40-43a9-a553-9cd89035715f and creative instance id cf37548b-6c7f-4243-a294-f846bad07326
[Jan 16, 2026 8:17:30.4 AM GMT:ERROR:confirmations.cc(113)] Failed to process kViewedImpression confirmation for kNewTabPageAd with transaction id 3b02c88c-8e40-43a9-a553-9cd89035715f and creative instance id cf37548b-6c7f-4243-a294-f846bad07326
[Jan 16, 2026 8:18:05.0 AM GMT:ERROR:redeem_non_reward_confirmation.cc(116)] Failed to redeem non-reward kViewedImpression confirmation for kNewTabPageAd with transaction id 3b02c88c-8e40-43a9-a553-9cd89035715f and creative instance id cf37548b-6c7f-4243-a294-f846bad07326
[Jan 16, 2026 8:18:05.0 AM GMT:ERROR:confirmations.cc(113)] Failed to process kViewedImpression confirmation for kNewTabPageAd with transaction id 3b02c88c-8e40-43a9-a553-9cd89035715f and creative instance id cf37548b-6c7f-4243-a294-f846bad07326
[Jan 16, 2026 8:19:16.9 AM GMT:ERROR:redeem_non_reward_confirmation.cc(116)] Failed to redeem non-reward kViewedImpression confirmation for kNewTabPageAd with transaction id 3b02c88c-8e40-43a9-a553-9cd89035715f and creative instance id cf37548b-6c7f-4243-a294-f846bad07326
[Jan 16, 2026 8:19:16.9 AM GMT:ERROR:confirmations.cc(113)] Failed to process kViewedImpression confirmation for kNewTabPageAd with transaction id 3b02c88c-8e40-43a9-a553-9cd89035715f and creative instance id cf37548b-6c7f-4243-a294-f846bad07326
[Jan 16, 2026 8:22:13.6 AM GMT:ERROR:redeem_non_reward_confirmation.cc(116)] Failed to redeem non-reward kViewedImpression confirmation for kNewTabPageAd with transaction id 3b02c88c-8e40-43a9-a553-9cd89035715f and creative instance id cf37548b-6c7f-4243-a294-f846bad07326
[Jan 16, 2026 8:22:13.6 AM GMT:ERROR:confirmations.cc(113)] Failed to process kViewedImpression confirmation for kNewTabPageAd with transaction id 3b02c88c-8e40-43a9-a553-9cd89035715f and creative instance id cf37548b-6c7f-4243-a294-f846bad07326
[Jan 16, 2026 8:26:05.3 AM GMT:ERROR:redeem_non_reward_confirmation.cc(116)] Failed to redeem non-reward kViewedImpression confirmation for kNewTabPageAd with transaction id 3b02c88c-8e40-43a9-a553-9cd89035715f and creative instance id cf37548b-6c7f-4243-a294-f846bad07326
[Jan 16, 2026 8:26:05.3 AM GMT:ERROR:confirmations.cc(113)] Failed to process kViewedImpression confirmation for kNewTabPageAd with transaction id 3b02c88c-8e40-43a9-a553-9cd89035715f and creative instance id cf37548b-6c7f-4243-a294-f846bad07326
[Jan 16, 2026 8:32:19.1 AM GMT:ERROR:redeem_non_reward_confirmation.cc(116)] Failed to redeem non-reward kViewedImpression confirmation for kNewTabPageAd with transaction id 3b02c88c-8e40-43a9-a553-9cd89035715f and creative instance id cf37548b-6c7f-4243-a294-f846bad07326
[Jan 16, 2026 8:32:19.1 AM GMT:ERROR:confirmations.cc(113)] Failed to process kViewedImpression confirmation for kNewTabPageAd with transaction id 3b02c88c-8e40-43a9-a553-9cd89035715f and creative instance id cf37548b-6c7f-4243-a294-f846bad07326
[Jan 16, 2026 8:53:45.9 AM GMT:ERROR:redeem_non_reward_confirmation.cc(116)] Failed to redeem non-reward kViewedImpression confirmation for kNewTabPageAd with transaction id 3b02c88c-8e40-43a9-a553-9cd89035715f and creative instance id cf37548b-6c7f-4243-a294-f846bad07326
[Jan 16, 2026 8:53:45.9 AM GMT:ERROR:confirmations.cc(113)] Failed to process kViewedImpression confirmation for kNewTabPageAd with transaction id 3b02c88c-8e40-43a9-a553-9cd89035715f and creative instance id cf37548b-6c7f-4243-a294-f846bad07326
[Jan 16, 2026 9:13:29.1 AM GMT:ERROR:redeem_non_reward_confirmation.cc(116)] Failed to redeem non-reward kViewedImpression confirmation for kNewTabPageAd with transaction id 3b02c88c-8e40-43a9-a553-9cd89035715f and creative instance id cf37548b-6c7f-4243-a294-f846bad07326
[Jan 16, 2026 9:13:29.1 AM GMT:ERROR:confirmations.cc(113)] Failed to process kViewedImpression confirmation for kNewTabPageAd with transaction id 3b02c88c-8e40-43a9-a553-9cd89035715f and creative instance id cf37548b-6c7f-4243-a294-f846bad07326
--------------------------------------------------------------------------------
[Jan 16, 2026 6:55:35.2 PM GMT:ERROR:creative_new_tab_page_ads_util.cc(159)] Successfully saved creative new tab page ads
[Jan 16, 2026 6:55:35.2 PM GMT:ERROR:creative_new_tab_page_ads_util.cc(144)] Successfully saved creative set conversions
[Jan 16, 2026 6:56:32.4 PM GMT:ERROR:redeem_non_reward_confirmation.cc(116)] Failed to redeem non-reward kViewedImpression confirmation for kNewTabPageAd with transaction id 3b02c88c-8e40-43a9-a553-9cd89035715f and creative instance id cf37548b-6c7f-4243-a294-f846bad07326
[Jan 16, 2026 6:56:32.4 PM GMT:ERROR:confirmations.cc(113)] Failed to process kViewedImpression confirmation for kNewTabPageAd with transaction id 3b02c88c-8e40-43a9-a553-9cd89035715f and creative instance id cf37548b-6c7f-4243-a294-f846bad07326
[Jan 16, 2026 6:56:37.6 PM GMT:ERROR:redeem_non_reward_confirmation.cc(116)] Failed to redeem non-reward kViewedImpression confirmation for kNewTabPageAd with transaction id 1eed02ab-dc7c-4ccf-b4e9-b24b34123c5e and creative instance id d6daf26c-8eba-4ed8-9dd0-d0843abbc60a
[Jan 16, 2026 6:56:37.6 PM GMT:ERROR:confirmations.cc(113)] Failed to process kViewedImpression confirmation for kNewTabPageAd with transaction id 1eed02ab-dc7c-4ccf-b4e9-b24b34123c5e and creative instance id d6daf26c-8eba-4ed8-9dd0-d0843abbc60a
[Jan 16, 2026 6:56:56.4 PM GMT:ERROR:redeem_non_reward_confirmation.cc(116)] Failed to redeem non-reward kViewedImpression confirmation for kNewTabPageAd with transaction id 1eed02ab-dc7c-4ccf-b4e9-b24b34123c5e and creative instance id d6daf26c-8eba-4ed8-9dd0-d0843abbc60a
[Jan 16, 2026 6:56:56.4 PM GMT:ERROR:confirmations.cc(113)] Failed to process kViewedImpression confirmation for kNewTabPageAd with transaction id 1eed02ab-dc7c-4ccf-b4e9-b24b34123c5e and creative instance id d6daf26c-8eba-4ed8-9dd0-d0843abbc60a
[Jan 16, 2026 6:57:33.9 PM GMT:ERROR:redeem_non_reward_confirmation.cc(116)] Failed to redeem non-reward kViewedImpression confirmation for kNewTabPageAd with transaction id 1eed02ab-dc7c-4ccf-b4e9-b24b34123c5e and creative instance id d6daf26c-8eba-4ed8-9dd0-d0843abbc60a
[Jan 16, 2026 6:57:34.0 PM GMT:ERROR:confirmations.cc(113)] Failed to process kViewedImpression confirmation for kNewTabPageAd with transaction id 1eed02ab-dc7c-4ccf-b4e9-b24b34123c5e and creative instance id d6daf26c-8eba-4ed8-9dd0-d0843abbc60a
[Jan 16, 2026 6:58:21.2 PM GMT:ERROR:redeem_non_reward_confirmation.cc(116)] Failed to redeem non-reward kViewedImpression confirmation for kNewTabPageAd with transaction id 1eed02ab-dc7c-4ccf-b4e9-b24b34123c5e and creative instance id d6daf26c-8eba-4ed8-9dd0-d0843abbc60a
[Jan 16, 2026 6:58:21.2 PM GMT:ERROR:confirmations.cc(113)] Failed to process kViewedImpression confirmation for kNewTabPageAd with transaction id 1eed02ab-dc7c-4ccf-b4e9-b24b34123c5e and creative instance id d6daf26c-8eba-4ed8-9dd0-d0843abbc60a
[Jan 16, 2026 6:59:32.1 PM GMT:ERROR:redeem_non_reward_confirmation.cc(116)] Failed to redeem non-reward kViewedImpression confirmation for kNewTabPageAd with transaction id 1eed02ab-dc7c-4ccf-b4e9-b24b34123c5e and creative instance id d6daf26c-8eba-4ed8-9dd0-d0843abbc60a
[Jan 16, 2026 6:59:32.1 PM GMT:ERROR:confirmations.cc(113)] Failed to process kViewedImpression confirmation for kNewTabPageAd with transaction id 1eed02ab-dc7c-4ccf-b4e9-b24b34123c5e and creative instance id d6daf26c-8eba-4ed8-9dd0-d0843abbc60a
[Jan 16, 2026 7:02:14.3 PM GMT:ERROR:redeem_non_reward_confirmation.cc(116)] Failed to redeem non-reward kViewedImpression confirmation for kNewTabPageAd with transaction id 1eed02ab-dc7c-4ccf-b4e9-b24b34123c5e and creative instance id d6daf26c-8eba-4ed8-9dd0-d0843abbc60a
[Jan 16, 2026 7:02:14.4 PM GMT:ERROR:confirmations.cc(113)] Failed to process kViewedImpression confirmation for kNewTabPageAd with transaction id 1eed02ab-dc7c-4ccf-b4e9-b24b34123c5e and creative instance id d6daf26c-8eba-4ed8-9dd0-d0843abbc60a
[Jan 16, 2026 7:09:34.8 PM GMT:ERROR:redeem_non_reward_confirmation.cc(116)] Failed to redeem non-reward kViewedImpression confirmation for kNewTabPageAd with transaction id 1eed02ab-dc7c-4ccf-b4e9-b24b34123c5e and creative instance id d6daf26c-8eba-4ed8-9dd0-d0843abbc60a
[Jan 16, 2026 7:09:34.8 PM GMT:ERROR:confirmations.cc(113)] Failed to process kViewedImpression confirmation for kNewTabPageAd with transaction id 1eed02ab-dc7c-4ccf-b4e9-b24b34123c5e and creative instance id d6daf26c-8eba-4ed8-9dd0-d0843abbc60a
[Jan 16, 2026 7:28:46.7 PM GMT:ERROR:redeem_non_reward_confirmation.cc(116)] Failed to redeem non-reward kViewedImpression confirmation for kNewTabPageAd with transaction id 1eed02ab-dc7c-4ccf-b4e9-b24b34123c5e and creative instance id d6daf26c-8eba-4ed8-9dd0-d0843abbc60a
[Jan 16, 2026 7:28:46.7 PM GMT:ERROR:confirmations.cc(113)] Failed to process kViewedImpression confirmation for kNewTabPageAd with transaction id 1eed02ab-dc7c-4ccf-b4e9-b24b34123c5e and creative instance id d6daf26c-8eba-4ed8-9dd0-d0843abbc60a
[Jan 16, 2026 7:56:32.6 PM GMT:ERROR:redeem_non_reward_confirmation.cc(116)] Failed to redeem non-reward kViewedImpression confirmation for kNewTabPageAd with transaction id 3b02c88c-8e40-43a9-a553-9cd89035715f and creative instance id cf37548b-6c7f-4243-a294-f846bad07326
[Jan 16, 2026 7:56:32.6 PM GMT:ERROR:confirmations.cc(113)] Failed to process kViewedImpression confirmation for kNewTabPageAd with transaction id 3b02c88c-8e40-43a9-a553-9cd89035715f and creative instance id cf37548b-6c7f-4243-a294-f846bad07326
[Jan 16, 2026 8:13:15.9 PM GMT:ERROR:redeem_non_reward_confirmation.cc(116)] Failed to redeem non-reward kViewedImpression confirmation for kNewTabPageAd with transaction id 1eed02ab-dc7c-4ccf-b4e9-b24b34123c5e and creative instance id d6daf26c-8eba-4ed8-9dd0-d0843abbc60a
[Jan 16, 2026 8:13:15.9 PM GMT:ERROR:confirmations.cc(113)] Failed to process kViewedImpression confirmation for kNewTabPageAd with transaction id 1eed02ab-dc7c-4ccf-b4e9-b24b34123c5e and creative instance id d6daf26c-8eba-4ed8-9dd0-d0843abbc60a
[Jan 16, 2026 8:45:55.5 PM GMT:ERROR:redeem_non_reward_confirmation.cc(116)] Failed to redeem non-reward kViewedImpression confirmation for kNewTabPageAd with transaction id e370a3c4-0806-460a-a4db-d3d8f64b0353 and creative instance id 78407751-1984-4ace-97b8-24ace2c350ab
[Jan 16, 2026 8:45:55.5 PM GMT:ERROR:confirmations.cc(113)] Failed to process kViewedImpression confirmation for kNewTabPageAd with transaction id e370a3c4-0806-460a-a4db-d3d8f64b0353 and creative instance id 78407751-1984-4ace-97b8-24ace2c350ab
[Jan 16, 2026 8:46:15.9 PM GMT:ERROR:redeem_non_reward_confirmation.cc(116)] Failed to redeem non-reward kViewedImpression confirmation for kNewTabPageAd with transaction id e370a3c4-0806-460a-a4db-d3d8f64b0353 and creative instance id 78407751-1984-4ace-97b8-24ace2c350ab
[Jan 16, 2026 8:46:15.9 PM GMT:ERROR:confirmations.cc(113)] Failed to process kViewedImpression confirmation for kNewTabPageAd with transaction id e370a3c4-0806-460a-a4db-d3d8f64b0353 and creative instance id 78407751-1984-4ace-97b8-24ace2c350ab
[Jan 16, 2026 8:46:37.6 PM GMT:ERROR:redeem_non_reward_confirmation.cc(116)] Failed to redeem non-reward kViewedImpression confirmation for kNewTabPageAd with transaction id e370a3c4-0806-460a-a4db-d3d8f64b0353 and creative instance id 78407751-1984-4ace-97b8-24ace2c350ab
[Jan 16, 2026 8:46:37.6 PM GMT:ERROR:confirmations.cc(113)] Failed to process kViewedImpression confirmation for kNewTabPageAd with transaction id e370a3c4-0806-460a-a4db-d3d8f64b0353 and creative instance id 78407751-1984-4ace-97b8-24ace2c350ab
[Jan 16, 2026 8:47:24.0 PM GMT:ERROR:redeem_non_reward_confirmation.cc(116)] Failed to redeem non-reward kViewedImpression confirmation for kNewTabPageAd with transaction id e370a3c4-0806-460a-a4db-d3d8f64b0353 and creative instance id 78407751-1984-4ace-97b8-24ace2c350ab
[Jan 16, 2026 8:47:24.0 PM GMT:ERROR:confirmations.cc(113)] Failed to process kViewedImpression confirmation for kNewTabPageAd with transaction id e370a3c4-0806-460a-a4db-d3d8f64b0353 and creative instance id 78407751-1984-4ace-97b8-24ace2c350ab
[Jan 16, 2026 8:49:30.8 PM GMT:ERROR:redeem_non_reward_confirmation.cc(116)] Failed to redeem non-reward kViewedImpression confirmation for kNewTabPageAd with transaction id e370a3c4-0806-460a-a4db-d3d8f64b0353 and creative instance id 78407751-1984-4ace-97b8-24ace2c350ab
[Jan 16, 2026 8:49:30.9 PM GMT:ERROR:confirmations.cc(113)] Failed to process kViewedImpression confirmation for kNewTabPageAd with transaction id e370a3c4-0806-460a-a4db-d3d8f64b0353 and creative instance id 78407751-1984-4ace-97b8-24ace2c350ab
[Jan 16, 2026 8:53:08.6 PM GMT:ERROR:redeem_non_reward_confirmation.cc(116)] Failed to redeem non-reward kViewedImpression confirmation for kNewTabPageAd with transaction id e370a3c4-0806-460a-a4db-d3d8f64b0353 and creative instance id 78407751-1984-4ace-97b8-24ace2c350ab
[Jan 16, 2026 8:53:08.6 PM GMT:ERROR:confirmations.cc(113)] Failed to process kViewedImpression confirmation for kNewTabPageAd with transaction id e370a3c4-0806-460a-a4db-d3d8f64b0353 and creative instance id 78407751-1984-4ace-97b8-24ace2c350ab
[Jan 16, 2026 8:56:32.8 PM GMT:ERROR:redeem_non_reward_confirmation.cc(116)] Failed to redeem non-reward kViewedImpression confirmation for kNewTabPageAd with transaction id 3b02c88c-8e40-43a9-a553-9cd89035715f and creative instance id cf37548b-6c7f-4243-a294-f846bad07326
[Jan 16, 2026 8:56:32.8 PM GMT:ERROR:confirmations.cc(113)] Failed to process kViewedImpression confirmation for kNewTabPageAd with transaction id 3b02c88c-8e40-43a9-a553-9cd89035715f and creative instance id cf37548b-6c7f-4243-a294-f846bad07326
[Jan 16, 2026 8:59:49.5 PM GMT:ERROR:redeem_non_reward_confirmation.cc(116)] Failed to redeem non-reward kViewedImpression confirmation for kNewTabPageAd with transaction id e370a3c4-0806-460a-a4db-d3d8f64b0353 and creative instance id 78407751-1984-4ace-97b8-24ace2c350ab
[Jan 16, 2026 8:59:49.5 PM GMT:ERROR:confirmations.cc(113)] Failed to process kViewedImpression confirmation for kNewTabPageAd with transaction id e370a3c4-0806-460a-a4db-d3d8f64b0353 and creative instance id 78407751-1984-4ace-97b8-24ace2c350ab
[Jan 16, 2026 9:13:16.1 PM GMT:ERROR:redeem_non_reward_confirmation.cc(116)] Failed to redeem non-reward kViewedImpression confirmation for kNewTabPageAd with transaction id 1eed02ab-dc7c-4ccf-b4e9-b24b34123c5e and creative instance id d6daf26c-8eba-4ed8-9dd0-d0843abbc60a
[Jan 16, 2026 9:13:16.1 PM GMT:ERROR:confirmations.cc(113)] Failed to process kViewedImpression confirmation for kNewTabPageAd with transaction id 1eed02ab-dc7c-4ccf-b4e9-b24b34123c5e and creative instance id d6daf26c-8eba-4ed8-9dd0-d0843abbc60a
[Jan 16, 2026 9:13:51.0 PM GMT:ERROR:redeem_non_reward_confirmation.cc(116)] Failed to redeem non-reward kViewedImpression confirmation for kNewTabPageAd with transaction id e370a3c4-0806-460a-a4db-d3d8f64b0353 and creative instance id 78407751-1984-4ace-97b8-24ace2c350ab
[Jan 16, 2026 9:13:51.0 PM GMT:ERROR:confirmations.cc(113)] Failed to process kViewedImpression confirmation for kNewTabPageAd with transaction id e370a3c4-0806-460a-a4db-d3d8f64b0353 and creative instance id 78407751-1984-4ace-97b8-24ace2c350ab
[Jan 16, 2026 9:46:33.8 PM GMT:ERROR:redeem_non_reward_confirmation.cc(116)] Failed to redeem non-reward kViewedImpression confirmation for kNewTabPageAd with transaction id e370a3c4-0806-460a-a4db-d3d8f64b0353 and creative instance id 78407751-1984-4ace-97b8-24ace2c350ab
[Jan 16, 2026 9:46:33.8 PM GMT:ERROR:confirmations.cc(113)] Failed to process kViewedImpression confirmation for kNewTabPageAd with transaction id e370a3c4-0806-460a-a4db-d3d8f64b0353 and creative instance id 78407751-1984-4ace-97b8-24ace2c350ab
[Jan 16, 2026 9:56:33.0 PM GMT:ERROR:redeem_non_reward_confirmation.cc(116)] Failed to redeem non-reward kViewedImpression confirmation for kNewTabPageAd with transaction id 3b02c88c-8e40-43a9-a553-9cd89035715f and creative instance id cf37548b-6c7f-4243-a294-f846bad07326
[Jan 16, 2026 9:56:33.0 PM GMT:ERROR:confirmations.cc(113)] Failed to process kViewedImpression confirmation for kNewTabPageAd with transaction id 3b02c88c-8e40-43a9-a553-9cd89035715f and creative instance id cf37548b-6c7f-4243-a294-f846bad07326
--------------------------------------------------------------------------------
[Jan 16, 2026 10:25:52.2 PM GMT:ERROR:creative_new_tab_page_ads_util.cc(159)] Successfully saved creative new tab page ads
[Jan 16, 2026 10:25:52.2 PM GMT:ERROR:creative_new_tab_page_ads_util.cc(144)] Successfully saved creative set conversions
--------------------------------------------------------------------------------
[Jan 17, 2026 9:25:01.0 AM GMT:ERROR:creative_new_tab_page_ads_util.cc(159)] Successfully saved creative new tab page ads
[Jan 17, 2026 9:25:01.0 AM GMT:ERROR:creative_new_tab_page_ads_util.cc(144)] Successfully saved creative set conversions
[Jan 17, 2026 9:25:09.7 AM GMT:ERROR:creative_new_tab_page_ads_util.cc(159)] Successfully saved creative new tab page ads
[Jan 17, 2026 9:25:09.7 AM GMT:ERROR:creative_new_tab_page_ads_util.cc(144)] Successfully saved creative set conversions
--------------------------------------------------------------------------------
[Jan 17, 2026 11:23:27.9 PM GMT:ERROR:creative_new_tab_page_ads_util.cc(158)] Successfully saved creative new tab page ads
[Jan 17, 2026 11:23:27.9 PM GMT:ERROR:creative_new_tab_page_ads_util.cc(143)] Successfully saved creative set conversions
--------------------------------------------------------------------------------
[Jan 17, 2026 11:33:15.7 PM GMT:ERROR:database_manager.cc(209)] Database downgrade not supported from schema version 53 to schema version 52
[Jan 17, 2026 11:33:15.7 PM GMT:ERROR:ads_impl.cc(398)] Failed to create or open database
[Jan 17, 2026 11:33:15.7 PM GMT:ERROR:ads_impl.cc(423)] Failed to initialize ads
--------------------------------------------------------------------------------
[Jan 18, 2026 8:47:47.7 AM GMT:ERROR:database_manager.cc(209)] Database downgrade not supported from schema version 53 to schema version 52
[Jan 18, 2026 8:47:47.7 AM GMT:ERROR:ads_impl.cc(398)] Failed to create or open database
[Jan 18, 2026 8:47:47.7 AM GMT:ERROR:ads_impl.cc(423)] Failed to initialize ads
--------------------------------------------------------------------------------
[Jan 18, 2026 11:30:38.0 AM GMT:ERROR:database_manager.cc(209)] Database downgrade not supported from schema version 53 to schema version 52
[Jan 18, 2026 11:30:38.0 AM GMT:ERROR:ads_impl.cc(398)] Failed to create or open database
[Jan 18, 2026 11:30:38.0 AM GMT:ERROR:ads_impl.cc(423)] Failed to initialize ads
--------------------------------------------------------------------------------
[Jan 18, 2026 6:45:33.6 PM GMT:ERROR:database_manager.cc(209)] Database downgrade not supported from schema version 53 to schema version 52
[Jan 18, 2026 6:45:33.6 PM GMT:ERROR:ads_impl.cc(398)] Failed to create or open database
[Jan 18, 2026 6:45:33.6 PM GMT:ERROR:ads_impl.cc(423)] Failed to initialize ads
--------------------------------------------------------------------------------
[Jan 18, 2026 7:53:33.8 PM GMT:ERROR:database_manager.cc(209)] Database downgrade not supported from schema version 53 to schema version 52
[Jan 18, 2026 7:53:33.8 PM GMT:ERROR:ads_impl.cc(398)] Failed to create or open database
[Jan 18, 2026 7:53:33.8 PM GMT:ERROR:ads_impl.cc(423)] Failed to initialize ads
--------------------------------------------------------------------------------
[Jan 20, 2026 8:36:32.1 AM GMT:ERROR:database_manager.cc(209)] Database downgrade not supported from schema version 53 to schema version 52
[Jan 20, 2026 8:36:32.1 AM GMT:ERROR:ads_impl.cc(398)] Failed to create or open database
[Jan 20, 2026 8:36:32.1 AM GMT:ERROR:ads_impl.cc(423)] Failed to initialize ads
--------------------------------------------------------------------------------
[Jan 20, 2026 11:57:01.4 AM GMT:ERROR:database_manager.cc(209)] Database downgrade not supported from schema version 53 to schema version 52
[Jan 20, 2026 11:57:01.4 AM GMT:ERROR:ads_impl.cc(398)] Failed to create or open database
[Jan 20, 2026 11:57:01.4 AM GMT:ERROR:ads_impl.cc(423)] Failed to initialize ads
--------------------------------------------------------------------------------
[Jan 21, 2026 11:45:44.1 AM GMT:ERROR:database_manager.cc(209)] Database downgrade not supported from schema version 53 to schema version 52
[Jan 21, 2026 11:45:44.1 AM GMT:ERROR:ads_impl.cc(398)] Failed to create or open database
[Jan 21, 2026 11:45:44.1 AM GMT:ERROR:ads_impl.cc(423)] Failed to initialize ads
--------------------------------------------------------------------------------
[Jan 21, 2026 12:44:55.0 PM GMT:ERROR:database_manager.cc(209)] Database downgrade not supported from schema version 53 to schema version 52
[Jan 21, 2026 12:44:55.0 PM GMT:ERROR:ads_impl.cc(398)] Failed to create or open database
[Jan 21, 2026 12:44:55.0 PM GMT:ERROR:ads_impl.cc(423)] Failed to initialize ads
--------------------------------------------------------------------------------
[Jan 21, 2026 12:46:42.2 PM GMT:ERROR:database_manager.cc(209)] Database downgrade not supported from schema version 53 to schema version 52
[Jan 21, 2026 12:46:42.2 PM GMT:ERROR:ads_impl.cc(398)] Failed to create or open database
[Jan 21, 2026 12:46:42.2 PM GMT:ERROR:ads_impl.cc(423)] Failed to initialize ads
--------------------------------------------------------------------------------
[Jan 21, 2026 12:46:56.5 PM GMT:ERROR:database_manager.cc(209)] Database downgrade not supported from schema version 53 to schema version 52
[Jan 21, 2026 12:46:56.5 PM GMT:ERROR:ads_impl.cc(398)] Failed to create or open database
[Jan 21, 2026 12:46:56.5 PM GMT:ERROR:ads_impl.cc(423)] Failed to initialize ads
--------------------------------------------------------------------------------
[Jan 21, 2026 12:49:07.4 PM GMT:ERROR:database_manager.cc(209)] Database downgrade not supported from schema version 53 to schema version 52
[Jan 21, 2026 12:49:07.4 PM GMT:ERROR:ads_impl.cc(398)] Failed to create or open database
[Jan 21, 2026 12:49:07.4 PM GMT:ERROR:ads_impl.cc(423)] Failed to initialize ads
--------------------------------------------------------------------------------
[Jan 21, 2026 2:01:34.5 PM GMT:ERROR:database_manager.cc(209)] Database downgrade not supported from schema version 53 to schema version 52
[Jan 21, 2026 2:01:34.5 PM GMT:ERROR:ads_impl.cc(398)] Failed to create or open database
[Jan 21, 2026 2:01:34.5 PM GMT:ERROR:ads_impl.cc(423)] Failed to initialize ads
--------------------------------------------------------------------------------
[Jan 21, 2026 9:45:57.0 PM GMT:ERROR:database_manager.cc(209)] Database downgrade not supported from schema version 53 to schema version 52
[Jan 21, 2026 9:45:57.0 PM GMT:ERROR:ads_impl.cc(398)] Failed to create or open database
[Jan 21, 2026 9:45:57.0 PM GMT:ERROR:ads_impl.cc(423)] Failed to initialize ads
--------------------------------------------------------------------------------
[Jan 21, 2026 10:15:43.1 PM GMT:ERROR:database_manager.cc(209)] Database downgrade not supported from schema version 53 to schema version 52
[Jan 21, 2026 10:15:43.1 PM GMT:ERROR:ads_impl.cc(398)] Failed to create or open database
[Jan 21, 2026 10:15:43.1 PM GMT:ERROR:ads_impl.cc(423)] Failed to initialize ads
--------------------------------------------------------------------------------
[Jan 21, 2026 10:15:48.9 PM GMT:ERROR:database_manager.cc(209)] Database downgrade not supported from schema version 53 to schema version 52
[Jan 21, 2026 10:15:48.9 PM GMT:ERROR:ads_impl.cc(398)] Failed to create or open database
[Jan 21, 2026 10:15:48.9 PM GMT:ERROR:ads_impl.cc(423)] Failed to initialize ads
--------------------------------------------------------------------------------
[Jan 21, 2026 10:15:55.8 PM GMT:ERROR:database_manager.cc(209)] Database downgrade not supported from schema version 53 to schema version 52
[Jan 21, 2026 10:15:55.8 PM GMT:ERROR:ads_impl.cc(398)] Failed to create or open database
[Jan 21, 2026 10:15:55.8 PM GMT:ERROR:ads_impl.cc(423)] Failed to initialize ads
--------------------------------------------------------------------------------
[Jan 21, 2026 10:16:29.9 PM GMT:ERROR:database_manager.cc(209)] Database downgrade not supported from schema version 53 to schema version 52
[Jan 21, 2026 10:16:29.9 PM GMT:ERROR:ads_impl.cc(398)] Failed to create or open database
[Jan 21, 2026 10:16:29.9 PM GMT:ERROR:ads_impl.cc(423)] Failed to initialize ads
--------------------------------------------------------------------------------
[Jan 21, 2026 10:16:41.1 PM GMT:ERROR:database_manager.cc(209)] Database downgrade not supported from schema version 53 to schema version 52
[Jan 21, 2026 10:16:41.1 PM GMT:ERROR:ads_impl.cc(398)] Failed to create or open database
[Jan 21, 2026 10:16:41.1 PM GMT:ERROR:ads_impl.cc(423)] Failed to initialize ads
--------------------------------------------------------------------------------
[Jan 21, 2026 10:17:26.5 PM GMT:ERROR:database_manager.cc(209)] Database downgrade not supported from schema version 53 to schema version 52
[Jan 21, 2026 10:17:26.5 PM GMT:ERROR:ads_impl.cc(398)] Failed to create or open database
[Jan 21, 2026 10:17:26.5 PM GMT:ERROR:ads_impl.cc(423)] Failed to initialize ads
--------------------------------------------------------------------------------
[Jan 22, 2026 9:39:34.6 AM GMT:ERROR:database_manager.cc(209)] Database downgrade not supported from schema version 53 to schema version 52
[Jan 22, 2026 9:39:34.6 AM GMT:ERROR:ads_impl.cc(398)] Failed to create or open database
[Jan 22, 2026 9:39:34.6 AM GMT:ERROR:ads_impl.cc(423)] Failed to initialize ads
--------------------------------------------------------------------------------
[Jan 23, 2026 9:21:31.5 AM GMT:ERROR:database_manager.cc(209)] Database downgrade not supported from schema version 53 to schema version 52
[Jan 23, 2026 9:21:31.5 AM GMT:ERROR:ads_impl.cc(398)] Failed to create or open database
[Jan 23, 2026 9:21:31.5 AM GMT:ERROR:ads_impl.cc(423)] Failed to initialize ads
--------------------------------------------------------------------------------
[Jan 25, 2026 11:06:04.7 AM GMT:ERROR:database_manager.cc(209)] Database downgrade not supported from schema version 53 to schema version 52
[Jan 25, 2026 11:06:04.7 AM GMT:ERROR:ads_impl.cc(398)] Failed to create or open database
[Jan 25, 2026 11:06:04.7 AM GMT:ERROR:ads_impl.cc(423)] Failed to initialize ads
--------------------------------------------------------------------------------
[Jan 25, 2026 1:21:02.1 PM GMT:ERROR:database_manager.cc(209)] Database downgrade not supported from schema version 53 to schema version 52
[Jan 25, 2026 1:21:02.1 PM GMT:ERROR:ads_impl.cc(398)] Failed to create or open database
[Jan 25, 2026 1:21:02.1 PM GMT:ERROR:ads_impl.cc(423)] Failed to initialize ads
--------------------------------------------------------------------------------
[Jan 25, 2026 10:47:47.9 PM GMT:ERROR:database_manager.cc(209)] Database downgrade not supported from schema version 53 to schema version 52
[Jan 25, 2026 10:47:47.9 PM GMT:ERROR:ads_impl.cc(398)] Failed to create or open database
[Jan 25, 2026 10:47:47.9 PM GMT:ERROR:ads_impl.cc(423)] Failed to initialize ads
--------------------------------------------------------------------------------
[Jan 26, 2026 4:21:37.5 PM GMT:ERROR:database_manager.cc(209)] Database downgrade not supported from schema version 53 to schema version 52
[Jan 26, 2026 4:21:37.5 PM GMT:ERROR:ads_impl.cc(398)] Failed to create or open database
[Jan 26, 2026 4:21:37.5 PM GMT:ERROR:ads_impl.cc(423)] Failed to initialize ads
--------------------------------------------------------------------------------
[Jan 27, 2026 6:38:37.9 AM GMT:ERROR:database_manager.cc(209)] Database downgrade not supported from schema version 53 to schema version 52
[Jan 27, 2026 6:38:37.9 AM GMT:ERROR:ads_impl.cc(398)] Failed to create or open database
[Jan 27, 2026 6:38:37.9 AM GMT:ERROR:ads_impl.cc(423)] Failed to initialize ads
--------------------------------------------------------------------------------
[Jan 27, 2026 6:58:00.4 AM GMT:ERROR:database_manager.cc(209)] Database downgrade not supported from schema version 53 to schema version 52
[Jan 27, 2026 6:58:00.4 AM GMT:ERROR:ads_impl.cc(398)] Failed to create or open database
[Jan 27, 2026 6:58:00.4 AM GMT:ERROR:ads_impl.cc(423)] Failed to initialize ads
--------------------------------------------------------------------------------
[Jan 27, 2026 8:23:47.2 AM GMT:ERROR:database_manager.cc(209)] Database downgrade not supported from schema version 53 to schema version 52
[Jan 27, 2026 8:23:47.2 AM GMT:ERROR:ads_impl.cc(398)] Failed to create or open database
[Jan 27, 2026 8:23:47.2 AM GMT:ERROR:ads_impl.cc(423)] Failed to initialize ads
--------------------------------------------------------------------------------
[Jan 28, 2026 12:30:42.5 AM GMT:ERROR:database_manager.cc(209)] Database downgrade not supported from schema version 53 to schema version 52
[Jan 28, 2026 12:30:42.5 AM GMT:ERROR:ads_impl.cc(398)] Failed to create or open database
[Jan 28, 2026 12:30:42.5 AM GMT:ERROR:ads_impl.cc(423)] Failed to initialize ads
--------------------------------------------------------------------------------
[Jan 28, 2026 11:53:44.4 AM GMT:ERROR:database_manager.cc(209)] Database downgrade not supported from schema version 53 to schema version 52
[Jan 28, 2026 11:53:44.4 AM GMT:ERROR:ads_impl.cc(398)] Failed to create or open database
[Jan 28, 2026 11:53:44.4 AM GMT:ERROR:ads_impl.cc(423)] Failed to initialize ads
--------------------------------------------------------------------------------
[Jan 28, 2026 12:15:06.9 PM GMT:ERROR:database_manager.cc(209)] Database downgrade not supported from schema version 53 to schema version 52
[Jan 28, 2026 12:15:06.9 PM GMT:ERROR:ads_impl.cc(398)] Failed to create or open database
[Jan 28, 2026 12:15:06.9 PM GMT:ERROR:ads_impl.cc(423)] Failed to initialize ads
--------------------------------------------------------------------------------
[Jan 29, 2026 10:25:44.7 AM GMT:ERROR:database_manager.cc(209)] Database downgrade not supported from schema version 53 to schema version 52
[Jan 29, 2026 10:25:44.7 AM GMT:ERROR:ads_impl.cc(398)] Failed to create or open database
[Jan 29, 2026 10:25:44.7 AM GMT:ERROR:ads_impl.cc(423)] Failed to initialize ads
--------------------------------------------------------------------------------
[Jan 30, 2026 2:54:16.3 PM GMT:ERROR:database_manager.cc(209)] Database downgrade not supported from schema version 53 to schema version 52
[Jan 30, 2026 2:54:16.3 PM GMT:ERROR:ads_impl.cc(398)] Failed to create or open database
[Jan 30, 2026 2:54:16.3 PM GMT:ERROR:ads_impl.cc(423)] Failed to initialize ads
--------------------------------------------------------------------------------
[Jan 30, 2026 2:57:31.9 PM GMT:ERROR:database_manager.cc(209)] Database downgrade not supported from schema version 53 to schema version 52
[Jan 30, 2026 2:57:31.9 PM GMT:ERROR:ads_impl.cc(398)] Failed to create or open database
[Jan 30, 2026 2:57:31.9 PM GMT:ERROR:ads_impl.cc(423)] Failed to initialize ads
--------------------------------------------------------------------------------
[Jan 30, 2026 3:56:45.6 PM GMT:ERROR:database_manager.cc(209)] Database downgrade not supported from schema version 53 to schema version 52
[Jan 30, 2026 3:56:45.6 PM GMT:ERROR:ads_impl.cc(398)] Failed to create or open database
[Jan 30, 2026 3:56:45.6 PM GMT:ERROR:ads_impl.cc(423)] Failed to initialize ads
--------------------------------------------------------------------------------
[Jan 30, 2026 6:22:13.4 PM GMT:ERROR:database_manager.cc(209)] Database downgrade not supported from schema version 53 to schema version 52
[Jan 30, 2026 6:22:13.4 PM GMT:ERROR:ads_impl.cc(398)] Failed to create or open database
[Jan 30, 2026 6:22:13.4 PM GMT:ERROR:ads_impl.cc(423)] Failed to initialize ads
--------------------------------------------------------------------------------
[Jan 30, 2026 8:38:16.4 PM GMT:ERROR:database_manager.cc(209)] Database downgrade not supported from schema version 53 to schema version 52
[Jan 30, 2026 8:38:16.4 PM GMT:ERROR:ads_impl.cc(398)] Failed to create or open database
[Jan 30, 2026 8:38:16.4 PM GMT:ERROR:ads_impl.cc(423)] Failed to initialize ads
--------------------------------------------------------------------------------
[Jan 30, 2026 9:39:50.6 PM GMT:ERROR:database_manager.cc(209)] Database downgrade not supported from schema version 53 to schema version 52
[Jan 30, 2026 9:39:50.6 PM GMT:ERROR:ads_impl.cc(398)] Failed to create or open database
[Jan 30, 2026 9:39:50.6 PM GMT:ERROR:ads_impl.cc(423)] Failed to initialize ads
--------------------------------------------------------------------------------
[Jan 31, 2026 9:29:58.2 AM GMT:ERROR:database_manager.cc(209)] Database downgrade not supported from schema version 53 to schema version 52
[Jan 31, 2026 9:29:58.2 AM GMT:ERROR:ads_impl.cc(398)] Failed to create or open database
[Jan 31, 2026 9:29:58.2 AM GMT:ERROR:ads_impl.cc(423)] Failed to initialize ads
--------------------------------------------------------------------------------
[Jan 31, 2026 12:38:00.0 PM GMT:ERROR:database_manager.cc(209)] Database downgrade not supported from schema version 53 to schema version 52
[Jan 31, 2026 12:38:00.0 PM GMT:ERROR:ads_impl.cc(398)] Failed to create or open database
[Jan 31, 2026 12:38:00.0 PM GMT:ERROR:ads_impl.cc(423)] Failed to initialize ads
--------------------------------------------------------------------------------
[Jan 31, 2026 2:49:01.7 PM GMT:ERROR:database_manager.cc(209)] Database downgrade not supported from schema version 53 to schema version 52
[Jan 31, 2026 2:49:01.7 PM GMT:ERROR:ads_impl.cc(398)] Failed to create or open database
[Jan 31, 2026 2:49:01.7 PM GMT:ERROR:ads_impl.cc(423)] Failed to initialize ads
--------------------------------------------------------------------------------
[Feb 02, 2026 7:35:33.5 AM GMT:ERROR:database_manager.cc(209)] Database downgrade not supported from schema version 53 to schema version 52
[Feb 02, 2026 7:35:33.5 AM GMT:ERROR:ads_impl.cc(398)] Failed to create or open database
[Feb 02, 2026 7:35:33.5 AM GMT:ERROR:ads_impl.cc(423)] Failed to initialize ads
--------------------------------------------------------------------------------
[Feb 02, 2026 5:36:34.8 PM GMT:ERROR:database_manager.cc(209)] Database downgrade not supported from schema version 53 to schema version 52
[Feb 02, 2026 5:36:34.8 PM GMT:ERROR:ads_impl.cc(398)] Failed to create or open database
[Feb 02, 2026 5:36:34.8 PM GMT:ERROR:ads_impl.cc(423)] Failed to initialize ads
